<?xml version="1.0" encoding="UTF-8"?>
<testsuite xmlns:xsi="http://www.w3.org/2001/XMLSchema-instance" xsi:noNamespaceSchemaLocation="https://maven.apache.org/surefire/maven-surefire-plugin/xsd/surefire-test-report.xsd" name="es.uclm.esi.RunCucumberTest" time="47.352" tests="10" errors="0" skipped="0" failures="3">
  <properties>
[...]
</properties>
  <testcase name="aceptar" classname="es.uclm.esi.RunCucumberTest" time="25.281"/>
  <testcase name="cancelar #1" classname="es.uclm.esi.RunCucumberTest" time="7.361">
    <failure message="expected:&lt;200&gt; but was:&lt;404&gt;" type="java.lang.AssertionError"><![CDATA[java.lang.AssertionError: expected:<200> but was:<404>
]]></failure>
    <system-out><![CDATA[2020-11-17 19:56:41 - Neither @ContextConfiguration nor @ContextHierarchy found for test class [es.uclm.esi.CucumberTestContextConfiguration], using SpringBootContextLoader
2020-11-17 19:56:41 - Could not detect default resource locations for test class [es.uclm.esi.CucumberTestContextConfiguration]: no resource found for suffixes {-context.xml, Context.groovy}.
2020-11-17 19:56:41 - Could not detect default configuration classes for test class [es.uclm.esi.CucumberTestContextConfiguration]: CucumberTestContextConfiguration does not declare any static, non-private, non-final, nested classes annotated with @Configuration.
2020-11-17 19:56:41 - Found @SpringBootConfiguration es.uclm.esi.SigetApplication for test class es.uclm.esi.CucumberTestContextConfiguration
2020-11-17 19:56:41 - Loaded default TestExecutionListener class names from location [META-INF/spring.factories]: [org.springframework.boot.test.mock.mockito.MockitoTestExecutionListener, org.springframework.boot.test.mock.mockito.ResetMocksTestExecutionListener, org.springframework.boot.test.autoconfigure.restdocs.RestDocsTestExecutionListener, org.springframework.boot.test.autoconfigure.web.client.MockRestServiceServerResetTestExecutionListener, org.springframework.boot.test.autoconfigure.web.servlet.MockMvcPrintOnlyOnFailureTestExecutionListener, org.springframework.boot.test.autoconfigure.web.servlet.WebDriverTestExecutionListener, org.springframework.boot.test.autoconfigure.webservices.client.MockWebServiceServerTestExecutionListener, org.springframework.test.context.web.ServletTestExecutionListener, org.springframework.test.context.support.DirtiesContextBeforeModesTestExecutionListener, org.springframework.test.context.support.DependencyInjectionTestExecutionListener, org.springframework.test.context.support.DirtiesContextTestExecutionListener, org.springframework.test.context.transaction.TransactionalTestExecutionListener, org.springframework.test.context.jdbc.SqlScriptsTestExecutionListener, org.springframework.test.context.event.EventPublishingTestExecutionListener, org.springframework.security.test.context.support.WithSecurityContextTestExecutionListener, org.springframework.security.test.context.support.ReactorContextTestExecutionListener]
2020-11-17 19:56:41 - Using TestExecutionListeners: [org.springframework.test.context.web.ServletTestExecutionListener@1231a1be, org.springframework.test.context.support.DirtiesContextBeforeModesTestExecutionListener@1d77746b, org.springframework.boot.test.mock.mockito.MockitoTestExecutionListener@4ced17f3, org.springframework.boot.test.autoconfigure.SpringBootDependencyInjectionTestExecutionListener@734a149a, org.springframework.test.context.support.DirtiesContextTestExecutionListener@6ce9771c, org.springframework.test.context.transaction.TransactionalTestExecutionListener@4a9b92c6, org.springframework.test.context.jdbc.SqlScriptsTestExecutionListener@6eed46e9, org.springframework.test.context.event.EventPublishingTestExecutionListener@4d20616a, org.springframework.security.test.context.support.WithSecurityContextTestExecutionListener@6ad6ae45, org.springframework.security.test.context.support.ReactorContextTestExecutionListener@7c4d1c7b, org.springframework.boot.test.mock.mockito.ResetMocksTestExecutionListener@7893c715, org.springframework.boot.test.autoconfigure.restdocs.RestDocsTestExecutionListener@36f6d25c, org.springframework.boot.test.autoconfigure.web.client.MockRestServiceServerResetTestExecutionListener@690df641, org.springframework.boot.test.autoconfigure.web.servlet.MockMvcPrintOnlyOnFailureTestExecutionListener@7db791df, org.springframework.boot.test.autoconfigure.web.servlet.WebDriverTestExecutionListener@1bfa5a13, org.springframework.boot.test.autoconfigure.webservices.client.MockWebServiceServerTestExecutionListener@1b1e1f02]

Scenario Outline: cancelar                     &amp#27;[90m# src/test/java/es/uclm/esi/features/cancelarReunion.feature:12&amp#27;[0m
  &amp#27;[32mWhen &amp#27;[0m&amp#27;[32mselecciono la reunion con id &amp#27;[0m&amp#27;[32m&amp#27;[1m7&amp#27;[0m          &amp#27;[90m# es.uclm.esi.CancelarReunionStepDefinitions.selecciono_la_reunion_con_id(java.lang.Integer)&amp#27;[0m
  &amp#27;[32mThen &amp#27;[0m&amp#27;[32mcancelo la reunion con token &amp#27;[0m&amp#27;[32m&amp#27;[1m"Admin123"&amp#27;[0m &amp#27;[90m# es.uclm.esi.CancelarReunionStepDefinitions.cancelo_la_reunion(java.lang.String)&amp#27;[0m
  &amp#27;[31mThen &amp#27;[0m&amp#27;[31mla respuesta sera &amp#27;[0m&amp#27;[31m&amp#27;[1m200&amp#27;[0m                   &amp#27;[90m# es.uclm.esi.CancelarReunionStepDefinitions.la_respuesta_sera(java.lang.Integer)&amp#27;[0m
      &amp#27;[31mjava.lang.AssertionError: expected:<200> but was:<404>
	at org.junit.Assert.fail(Assert.java:89)
	at org.junit.Assert.failNotEquals(Assert.java:835)
	at org.junit.Assert.assertEquals(Assert.java:120)
	at org.junit.Assert.assertEquals(Assert.java:146)
	at es.uclm.esi.CancelarReunionStepDefinitions.la_respuesta_sera(CancelarReunionStepDefinitions.java:46)
	at âœ½.la respuesta sera 200(file:///C:/Users/victo/git/SIGET-Equipo3/src/test/java/es/uclm/esi/features/cancelarReunion.feature:7)
&amp#27;[0m
]]></system-out>
  </testcase>
  <testcase name="cancelar #2" classname="es.uclm.esi.RunCucumberTest" time="0.3">
    <failure message="expected:&lt;400&gt; but was:&lt;404&gt;" type="java.lang.AssertionError"><![CDATA[java.lang.AssertionError: expected:<400> but was:<404>
]]></failure>
    <system-out><![CDATA[2020-11-17 19:56:48 - Neither @ContextConfiguration nor @ContextHierarchy found for test class [es.uclm.esi.CucumberTestContextConfiguration], using SpringBootContextLoader
2020-11-17 19:56:48 - Could not detect default resource locations for test class [es.uclm.esi.CucumberTestContextConfiguration]: no resource found for suffixes {-context.xml, Context.groovy}.
2020-11-17 19:56:48 - Could not detect default configuration classes for test class [es.uclm.esi.CucumberTestContextConfiguration]: CucumberTestContextConfiguration does not declare any static, non-private, non-final, nested classes annotated with @Configuration.
2020-11-17 19:56:48 - Found @SpringBootConfiguration es.uclm.esi.SigetApplication for test class es.uclm.esi.CucumberTestContextConfiguration
2020-11-17 19:56:48 - Loaded default TestExecutionListener class names from location [META-INF/spring.factories]: [org.springframework.boot.test.mock.mockito.MockitoTestExecutionListener, org.springframework.boot.test.mock.mockito.ResetMocksTestExecutionListener, org.springframework.boot.test.autoconfigure.restdocs.RestDocsTestExecutionListener, org.springframework.boot.test.autoconfigure.web.client.MockRestServiceServerResetTestExecutionListener, org.springframework.boot.test.autoconfigure.web.servlet.MockMvcPrintOnlyOnFailureTestExecutionListener, org.springframework.boot.test.autoconfigure.web.servlet.WebDriverTestExecutionListener, org.springframework.boot.test.autoconfigure.webservices.client.MockWebServiceServerTestExecutionListener, org.springframework.test.context.web.ServletTestExecutionListener, org.springframework.test.context.support.DirtiesContextBeforeModesTestExecutionListener, org.springframework.test.context.support.DependencyInjectionTestExecutionListener, org.springframework.test.context.support.DirtiesContextTestExecutionListener, org.springframework.test.context.transaction.TransactionalTestExecutionListener, org.springframework.test.context.jdbc.SqlScriptsTestExecutionListener, org.springframework.test.context.event.EventPublishingTestExecutionListener, org.springframework.security.test.context.support.WithSecurityContextTestExecutionListener, org.springframework.security.test.context.support.ReactorContextTestExecutionListener]
2020-11-17 19:56:48 - Using TestExecutionListeners: [org.springframework.test.context.web.ServletTestExecutionListener@5b4954b2, org.springframework.test.context.support.DirtiesContextBeforeModesTestExecutionListener@74eec640, org.springframework.boot.test.mock.mockito.MockitoTestExecutionListener@3973b6d4, org.springframework.boot.test.autoconfigure.SpringBootDependencyInjectionTestExecutionListener@18dd7767, org.springframework.test.context.support.DirtiesContextTestExecutionListener@9205c0a, org.springframework.test.context.transaction.TransactionalTestExecutionListener@bfe47a8, org.springframework.test.context.jdbc.SqlScriptsTestExecutionListener@2f1f9515, org.springframework.test.context.event.EventPublishingTestExecutionListener@5c8ab9de, org.springframework.security.test.context.support.WithSecurityContextTestExecutionListener@57416e49, org.springframework.security.test.context.support.ReactorContextTestExecutionListener@2e7bb00e, org.springframework.boot.test.mock.mockito.ResetMocksTestExecutionListener@7d1f3fe9, org.springframework.boot.test.autoconfigure.restdocs.RestDocsTestExecutionListener@74d22ddd, org.springframework.boot.test.autoconfigure.web.client.MockRestServiceServerResetTestExecutionListener@283d3628, org.springframework.boot.test.autoconfigure.web.servlet.MockMvcPrintOnlyOnFailureTestExecutionListener@5b3518e1, org.springframework.boot.test.autoconfigure.web.servlet.WebDriverTestExecutionListener@5fd18419, org.springframework.boot.test.autoconfigure.webservices.client.MockWebServiceServerTestExecutionListener@3a88f6fb]

Scenario Outline: cancelar                     &amp#27;[90m# src/test/java/es/uclm/esi/features/cancelarReunion.feature:13&amp#27;[0m
  &amp#27;[32mWhen &amp#27;[0m&amp#27;[32mselecciono la reunion con id &amp#27;[0m&amp#27;[32m&amp#27;[1m8&amp#27;[0m          &amp#27;[90m# es.uclm.esi.CancelarReunionStepDefinitions.selecciono_la_reunion_con_id(java.lang.Integer)&amp#27;[0m
  &amp#27;[32mThen &amp#27;[0m&amp#27;[32mcancelo la reunion con token &amp#27;[0m&amp#27;[32m&amp#27;[1m"Admin123"&amp#27;[0m &amp#27;[90m# es.uclm.esi.CancelarReunionStepDefinitions.cancelo_la_reunion(java.lang.String)&amp#27;[0m
  &amp#27;[31mThen &amp#27;[0m&amp#27;[31mla respuesta sera &amp#27;[0m&amp#27;[31m&amp#27;[1m400&amp#27;[0m                   &amp#27;[90m# es.uclm.esi.CancelarReunionStepDefinitions.la_respuesta_sera(java.lang.Integer)&amp#27;[0m
      &amp#27;[31mjava.lang.AssertionError: expected:<400> but was:<404>
	at org.junit.Assert.fail(Assert.java:89)
	at org.junit.Assert.failNotEquals(Assert.java:835)
	at org.junit.Assert.assertEquals(Assert.java:120)
	at org.junit.Assert.assertEquals(Assert.java:146)
	at es.uclm.esi.CancelarReunionStepDefinitions.la_respuesta_sera(CancelarReunionStepDefinitions.java:46)
	at âœ½.la respuesta sera 400(file:///C:/Users/victo/git/SIGET-Equipo3/src/test/java/es/uclm/esi/features/cancelarReunion.feature:7)
&amp#27;[0m
]]></system-out>
  </testcase>
  <testcase name="convocar #1" classname="es.uclm.esi.RunCucumberTest" time="10.551"/>
  <testcase name="convocar #2" classname="es.uclm.esi.RunCucumberTest" time="0.328">
    <failure message="expected:&lt;400&gt; but was:&lt;200&gt;" type="java.lang.AssertionError"><![CDATA[java.lang.AssertionError: expected:<400> but was:<200>
]]></failure>
    <system-out><![CDATA[2020-11-17 19:56:59 - Neither @ContextConfiguration nor @ContextHierarchy found for test class [es.uclm.esi.CucumberTestContextConfiguration], using SpringBootContextLoader
2020-11-17 19:56:59 - Could not detect default resource locations for test class [es.uclm.esi.CucumberTestContextConfiguration]: no resource found for suffixes {-context.xml, Context.groovy}.
2020-11-17 19:56:59 - Could not detect default configuration classes for test class [es.uclm.esi.CucumberTestContextConfiguration]: CucumberTestContextConfiguration does not declare any static, non-private, non-final, nested classes annotated with @Configuration.
2020-11-17 19:56:59 - Found @SpringBootConfiguration es.uclm.esi.SigetApplication for test class es.uclm.esi.CucumberTestContextConfiguration
2020-11-17 19:56:59 - Loaded default TestExecutionListener class names from location [META-INF/spring.factories]: [org.springframework.boot.test.mock.mockito.MockitoTestExecutionListener, org.springframework.boot.test.mock.mockito.ResetMocksTestExecutionListener, org.springframework.boot.test.autoconfigure.restdocs.RestDocsTestExecutionListener, org.springframework.boot.test.autoconfigure.web.client.MockRestServiceServerResetTestExecutionListener, org.springframework.boot.test.autoconfigure.web.servlet.MockMvcPrintOnlyOnFailureTestExecutionListener, org.springframework.boot.test.autoconfigure.web.servlet.WebDriverTestExecutionListener, org.springframework.boot.test.autoconfigure.webservices.client.MockWebServiceServerTestExecutionListener, org.springframework.test.context.web.ServletTestExecutionListener, org.springframework.test.context.support.DirtiesContextBeforeModesTestExecutionListener, org.springframework.test.context.support.DependencyInjectionTestExecutionListener, org.springframework.test.context.support.DirtiesContextTestExecutionListener, org.springframework.test.context.transaction.TransactionalTestExecutionListener, org.springframework.test.context.jdbc.SqlScriptsTestExecutionListener, org.springframework.test.context.event.EventPublishingTestExecutionListener, org.springframework.security.test.context.support.WithSecurityContextTestExecutionListener, org.springframework.security.test.context.support.ReactorContextTestExecutionListener]
2020-11-17 19:56:59 - Using TestExecutionListeners: [org.springframework.test.context.web.ServletTestExecutionListener@2a631049, org.springframework.test.context.support.DirtiesContextBeforeModesTestExecutionListener@425b5fe2, org.springframework.boot.test.mock.mockito.MockitoTestExecutionListener@3eec8583, org.springframework.boot.test.autoconfigure.SpringBootDependencyInjectionTestExecutionListener@66e1b2a, org.springframework.test.context.support.DirtiesContextTestExecutionListener@343db2f6, org.springframework.test.context.transaction.TransactionalTestExecutionListener@2c815fdc, org.springframework.test.context.jdbc.SqlScriptsTestExecutionListener@769b0752, org.springframework.test.context.event.EventPublishingTestExecutionListener@dae5e0, org.springframework.security.test.context.support.WithSecurityContextTestExecutionListener@59a94d0f, org.springframework.security.test.context.support.ReactorContextTestExecutionListener@7ff09659, org.springframework.boot.test.mock.mockito.ResetMocksTestExecutionListener@517fbf62, org.springframework.boot.test.autoconfigure.restdocs.RestDocsTestExecutionListener@65db548, org.springframework.boot.test.autoconfigure.web.client.MockRestServiceServerResetTestExecutionListener@150f41b9, org.springframework.boot.test.autoconfigure.web.servlet.MockMvcPrintOnlyOnFailureTestExecutionListener@6e364f1f, org.springframework.boot.test.autoconfigure.web.servlet.WebDriverTestExecutionListener@429e7914, org.springframework.boot.test.autoconfigure.webservices.client.MockWebServiceServerTestExecutionListener@298263fa]

Scenario Outline: convocar                               &amp#27;[90m# src/test/java/es/uclm/esi/features/convocarReunion.feature:19&amp#27;[0m
  &amp#27;[32mWhen &amp#27;[0m&amp#27;[32mtitulo es &amp#27;[0m&amp#27;[32m&amp#27;[1m"Reunion 2"&amp#27;[0m                             &amp#27;[90m# es.uclm.esi.ConvocarReunionStepDefinitions.titulo_es(java.lang.String)&amp#27;[0m
  &amp#27;[32mAnd &amp#27;[0m&amp#27;[32mestado es &amp#27;[0m&amp#27;[32m&amp#27;[1m"pendiente"&amp#27;[0m                              &amp#27;[90m# es.uclm.esi.ConvocarReunionStepDefinitions.estado_es(java.lang.String)&amp#27;[0m
  &amp#27;[32mAnd &amp#27;[0m&amp#27;[32mdia es &amp#27;[0m&amp#27;[32m&amp#27;[1m51&amp#27;[0m                                          &amp#27;[90m# es.uclm.esi.ConvocarReunionStepDefinitions.dia_es(java.lang.Integer)&amp#27;[0m
  &amp#27;[32mAnd &amp#27;[0m&amp#27;[32mmes es &amp#27;[0m&amp#27;[32m&amp#27;[1m11&amp#27;[0m                                          &amp#27;[90m# es.uclm.esi.ConvocarReunionStepDefinitions.mes_es(java.lang.Integer)&amp#27;[0m
  &amp#27;[32mAnd &amp#27;[0m&amp#27;[32mano es &amp#27;[0m&amp#27;[32m&amp#27;[1m2020&amp#27;[0m                                        &amp#27;[90m# es.uclm.esi.ConvocarReunionStepDefinitions.ano_es(java.lang.Integer)&amp#27;[0m
  &amp#27;[32mAnd &amp#27;[0m&amp#27;[32mhora es &amp#27;[0m&amp#27;[32m&amp#27;[1m"16:00"&amp#27;[0m                                    &amp#27;[90m# es.uclm.esi.ConvocarReunionStepDefinitions.hora_es(java.lang.String)&amp#27;[0m
  &amp#27;[32mAnd &amp#27;[0m&amp#27;[32mdescripcion es &amp#27;[0m&amp#27;[32m&amp#27;[1m"Prueba"&amp#27;[0m                            &amp#27;[90m# es.uclm.esi.ConvocarReunionStepDefinitions.descripcion_es(java.lang.String)&amp#27;[0m
  &amp#27;[32mAnd &amp#27;[0m&amp#27;[32masistentes son &amp#27;[0m&amp#27;[32m&amp#27;[1m"Fatima:pendiente,Victor:pendiente"&amp#27;[0m &amp#27;[90m# es.uclm.esi.ConvocarReunionStepDefinitions.asistentes_son(java.lang.String)&amp#27;[0m
  &amp#27;[32mThen &amp#27;[0m&amp#27;[32mconvoco la reunion&amp#27;[0m                                &amp#27;[90m# es.uclm.esi.ConvocarReunionStepDefinitions.convoco_la_reunion()&amp#27;[0m
  &amp#27;[31mThen &amp#27;[0m&amp#27;[31mla respuesta a convocar sera &amp#27;[0m&amp#27;[31m&amp#27;[1m400&amp#27;[0m                  &amp#27;[90m# es.uclm.esi.ConvocarReunionStepDefinitions.la_respuesta_a_convocar_sera(java.lang.Integer)&amp#27;[0m
      &amp#27;[31mjava.lang.AssertionError: expected:<400> but was:<200>
	at org.junit.Assert.fail(Assert.java:89)
	at org.junit.Assert.failNotEquals(Assert.java:835)
	at org.junit.Assert.assertEquals(Assert.java:120)
	at org.junit.Assert.assertEquals(Assert.java:146)
	at es.uclm.esi.ConvocarReunionStepDefinitions.la_respuesta_a_convocar_sera(ConvocarReunionStepDefinitions.java:123)
	at âœ½.la respuesta a convocar sera 400(file:///C:/Users/victo/git/SIGET-Equipo3/src/test/java/es/uclm/esi/features/convocarReunion.feature:14)
&amp#27;[0m
]]></system-out>
  </testcase>
  <testcase name="el cliente llama al saludo" classname="es.uclm.esi.RunCucumberTest" time="0.118"/>
  <testcase name="Buen Login" classname="es.uclm.esi.RunCucumberTest" time="1.857"/>
  <testcase name="Mal Login" classname="es.uclm.esi.RunCucumberTest" time="0.407"/>
  <testcase name="Mal Login 2" classname="es.uclm.esi.RunCucumberTest" time="0.239"/>
  <testcase name="Mal Login 3" classname="es.uclm.esi.RunCucumberTest" time="0.312"/>
</testsuite>