<?xml version="1.0" encoding="UTF-8"?>
<testsuite xmlns:xsi="http://www.w3.org/2001/XMLSchema-instance" xsi:noNamespaceSchemaLocation="https://maven.apache.org/surefire/maven-surefire-plugin/xsd/surefire-test-report.xsd" name="es.uclm.esi.RunCucumberTest" time="10.347" tests="7" errors="0" skipped="0" failures="2">
  <properties>
[...]
</properties>
  <testcase name="cancelar #1" classname="es.uclm.esi.RunCucumberTest" time="8.847">
    <failure message="expected:&lt;200&gt; but was:&lt;404&gt;" type="java.lang.AssertionError"><![CDATA[java.lang.AssertionError: expected:<200> but was:<404>
]]></failure>
    <system-out><![CDATA[2020-11-17 18:34:43 - Neither @ContextConfiguration nor @ContextHierarchy found for test class [es.uclm.esi.CucumberTestContextConfiguration], using SpringBootContextLoader
2020-11-17 18:34:43 - Could not detect default resource locations for test class [es.uclm.esi.CucumberTestContextConfiguration]: no resource found for suffixes {-context.xml, Context.groovy}.
2020-11-17 18:34:43 - Could not detect default configuration classes for test class [es.uclm.esi.CucumberTestContextConfiguration]: CucumberTestContextConfiguration does not declare any static, non-private, non-final, nested classes annotated with @Configuration.
2020-11-17 18:34:43 - Found @SpringBootConfiguration es.uclm.esi.SigetApplication for test class es.uclm.esi.CucumberTestContextConfiguration
2020-11-17 18:34:43 - Loaded default TestExecutionListener class names from location [META-INF/spring.factories]: [org.springframework.boot.test.mock.mockito.MockitoTestExecutionListener, org.springframework.boot.test.mock.mockito.ResetMocksTestExecutionListener, org.springframework.boot.test.autoconfigure.restdocs.RestDocsTestExecutionListener, org.springframework.boot.test.autoconfigure.web.client.MockRestServiceServerResetTestExecutionListener, org.springframework.boot.test.autoconfigure.web.servlet.MockMvcPrintOnlyOnFailureTestExecutionListener, org.springframework.boot.test.autoconfigure.web.servlet.WebDriverTestExecutionListener, org.springframework.boot.test.autoconfigure.webservices.client.MockWebServiceServerTestExecutionListener, org.springframework.test.context.web.ServletTestExecutionListener, org.springframework.test.context.support.DirtiesContextBeforeModesTestExecutionListener, org.springframework.test.context.support.DependencyInjectionTestExecutionListener, org.springframework.test.context.support.DirtiesContextTestExecutionListener, org.springframework.test.context.transaction.TransactionalTestExecutionListener, org.springframework.test.context.jdbc.SqlScriptsTestExecutionListener, org.springframework.test.context.event.EventPublishingTestExecutionListener, org.springframework.security.test.context.support.WithSecurityContextTestExecutionListener, org.springframework.security.test.context.support.ReactorContextTestExecutionListener]
2020-11-17 18:34:43 - Using TestExecutionListeners: [org.springframework.test.context.web.ServletTestExecutionListener@743d0d44, org.springframework.test.context.support.DirtiesContextBeforeModesTestExecutionListener@35563e4c, org.springframework.boot.test.mock.mockito.MockitoTestExecutionListener@6dd79214, org.springframework.boot.test.autoconfigure.SpringBootDependencyInjectionTestExecutionListener@ef86c72, org.springframework.test.context.support.DirtiesContextTestExecutionListener@123307c4, org.springframework.test.context.transaction.TransactionalTestExecutionListener@1693ff90, org.springframework.test.context.jdbc.SqlScriptsTestExecutionListener@47058864, org.springframework.test.context.event.EventPublishingTestExecutionListener@ad3f70a, org.springframework.security.test.context.support.WithSecurityContextTestExecutionListener@54ccb3, org.springframework.security.test.context.support.ReactorContextTestExecutionListener@9b2dc56, org.springframework.boot.test.mock.mockito.ResetMocksTestExecutionListener@621f23ac, org.springframework.boot.test.autoconfigure.restdocs.RestDocsTestExecutionListener@7761e342, org.springframework.boot.test.autoconfigure.web.client.MockRestServiceServerResetTestExecutionListener@51f68849, org.springframework.boot.test.autoconfigure.web.servlet.MockMvcPrintOnlyOnFailureTestExecutionListener@4eb9ae4d, org.springframework.boot.test.autoconfigure.web.servlet.WebDriverTestExecutionListener@5520f675, org.springframework.boot.test.autoconfigure.webservices.client.MockWebServiceServerTestExecutionListener@2d237460]

  .   ____          _            __ _ _
 /\\ / ___'_ __ _ _(_)_ __  __ _ \ \ \ \
( ( )\___ | '_ | '_| | '_ \/ _` | \ \ \ \
 \\/  ___)| |_)| | | | | || (_| |  ) ) ) )
  '  |____| .__|_| |_|_| |_\__, | / / / /
 =========|_|==============|___/=/_/_/_/
 :: Spring Boot ::        (v2.3.5.RELEASE)

2020-11-17 18:34:43 - 

Found multiple occurrences of org.json.JSONObject on the class path:

	jar:file:/C:/Users/F%C3%A1tima/.m2/repository/com/vaadin/external/google/android-json/0.0.20131108.vaadin1/android-json-0.0.20131108.vaadin1.jar!/org/json/JSONObject.class
	jar:file:/C:/Users/F%C3%A1tima/.m2/repository/org/json/json/20200518/json-20200518.jar!/org/json/JSONObject.class

You may wish to exclude one of them to ensure predictable runtime behavior

2020-11-17 18:34:43 - Starting CucumberTestContextConfiguration on DESKTOP-445680M with PID 32464 (started by fatima in C:\Users\Fátima\git\SIGET-Equipo3)
2020-11-17 18:34:43 - No active profile set, falling back to default profiles: default
2020-11-17 18:34:43 - Bootstrapping Spring Data MongoDB repositories in DEFAULT mode.
2020-11-17 18:34:44 - Finished Spring Data repository scanning in 28ms. Found 4 MongoDB repository interfaces.
2020-11-17 18:34:44 - Bean 'org.springframework.security.access.expression.method.DefaultMethodSecurityExpressionHandler@2c99c8d' of type [org.springframework.security.access.expression.method.DefaultMethodSecurityExpressionHandler] is not eligible for getting processed by all BeanPostProcessors (for example: not eligible for auto-proxying)
2020-11-17 18:34:44 - Bean 'methodSecurityMetadataSource' of type [org.springframework.security.access.method.DelegatingMethodSecurityMetadataSource] is not eligible for getting processed by all BeanPostProcessors (for example: not eligible for auto-proxying)
2020-11-17 18:34:44 - Opened connection [connectionId{localValue:3, serverValue:36946}] to siget-equipo-3-shard-00-01.j2x5d.mongodb.net:27017
2020-11-17 18:34:44 - Opened connection [connectionId{localValue:2, serverValue:53579}] to siget-equipo-3-shard-00-02.j2x5d.mongodb.net:27017
2020-11-17 18:34:44 - Opened connection [connectionId{localValue:1, serverValue:62110}] to siget-equipo-3-shard-00-00.j2x5d.mongodb.net:27017
2020-11-17 18:34:44 - Monitor thread successfully connected to server with description ServerDescription{address=siget-equipo-3-shard-00-00.j2x5d.mongodb.net:27017, type=REPLICA_SET_SECONDARY, state=CONNECTED, ok=true, minWireVersion=0, maxWireVersion=8, maxDocumentSize=16777216, logicalSessionTimeoutMinutes=30, roundTripTimeNanos=49738800, setName='atlas-io7sxm-shard-0', canonicalAddress=siget-equipo-3-shard-00-00.j2x5d.mongodb.net:27017, hosts=[siget-equipo-3-shard-00-02.j2x5d.mongodb.net:27017, siget-equipo-3-shard-00-01.j2x5d.mongodb.net:27017, siget-equipo-3-shard-00-00.j2x5d.mongodb.net:27017], passives=[], arbiters=[], primary='siget-equipo-3-shard-00-02.j2x5d.mongodb.net:27017', tagSet=TagSet{[Tag{name='nodeType', value='ELECTABLE'}, Tag{name='provider', value='AWS'}, Tag{name='region', value='EU_CENTRAL_1'}, Tag{name='workloadType', value='OPERATIONAL'}]}, electionId=null, setVersion=6, lastWriteDate=Tue Nov 17 18:34:43 CET 2020, lastUpdateTimeNanos=456505686492800}
2020-11-17 18:34:44 - Monitor thread successfully connected to server with description ServerDescription{address=siget-equipo-3-shard-00-02.j2x5d.mongodb.net:27017, type=REPLICA_SET_PRIMARY, state=CONNECTED, ok=true, minWireVersion=0, maxWireVersion=8, maxDocumentSize=16777216, logicalSessionTimeoutMinutes=30, roundTripTimeNanos=50932300, setName='atlas-io7sxm-shard-0', canonicalAddress=siget-equipo-3-shard-00-02.j2x5d.mongodb.net:27017, hosts=[siget-equipo-3-shard-00-02.j2x5d.mongodb.net:27017, siget-equipo-3-shard-00-01.j2x5d.mongodb.net:27017, siget-equipo-3-shard-00-00.j2x5d.mongodb.net:27017], passives=[], arbiters=[], primary='siget-equipo-3-shard-00-02.j2x5d.mongodb.net:27017', tagSet=TagSet{[Tag{name='nodeType', value='ELECTABLE'}, Tag{name='provider', value='AWS'}, Tag{name='region', value='EU_CENTRAL_1'}, Tag{name='workloadType', value='OPERATIONAL'}]}, electionId=7fffffff0000000000000053, setVersion=6, lastWriteDate=Tue Nov 17 18:34:43 CET 2020, lastUpdateTimeNanos=456505686042400}
2020-11-17 18:34:44 - Setting max election id to 7fffffff0000000000000053 from replica set primary siget-equipo-3-shard-00-02.j2x5d.mongodb.net:27017
2020-11-17 18:34:44 - Setting max set version to 6 from replica set primary siget-equipo-3-shard-00-02.j2x5d.mongodb.net:27017
2020-11-17 18:34:44 - Discovered replica set primary siget-equipo-3-shard-00-02.j2x5d.mongodb.net:27017
2020-11-17 18:34:44 - Monitor thread successfully connected to server with description ServerDescription{address=siget-equipo-3-shard-00-01.j2x5d.mongodb.net:27017, type=REPLICA_SET_SECONDARY, state=CONNECTED, ok=true, minWireVersion=0, maxWireVersion=8, maxDocumentSize=16777216, logicalSessionTimeoutMinutes=30, roundTripTimeNanos=66093800, setName='atlas-io7sxm-shard-0', canonicalAddress=siget-equipo-3-shard-00-01.j2x5d.mongodb.net:27017, hosts=[siget-equipo-3-shard-00-02.j2x5d.mongodb.net:27017, siget-equipo-3-shard-00-01.j2x5d.mongodb.net:27017, siget-equipo-3-shard-00-00.j2x5d.mongodb.net:27017], passives=[], arbiters=[], primary='siget-equipo-3-shard-00-02.j2x5d.mongodb.net:27017', tagSet=TagSet{[Tag{name='nodeType', value='ELECTABLE'}, Tag{name='provider', value='AWS'}, Tag{name='region', value='EU_CENTRAL_1'}, Tag{name='workloadType', value='OPERATIONAL'}]}, electionId=null, setVersion=6, lastWriteDate=Tue Nov 17 18:34:43 CET 2020, lastUpdateTimeNanos=456505696382400}
2020-11-17 18:34:49 - Cluster created with settings {hosts=[127.0.0.1:27017], srvHost=siget-equipo-3.j2x5d.mongodb.net, mode=MULTIPLE, requiredClusterType=REPLICA_SET, serverSelectionTimeout='30000 ms', requiredReplicaSetName='atlas-io7sxm-shard-0'}
2020-11-17 18:34:49 - Adding welcome page: class path resource [static/index.html]
2020-11-17 18:34:50 - Creating filter chain: any request, [org.springframework.security.web.context.request.async.WebAsyncManagerIntegrationFilter@4aa3fc9a, org.springframework.security.web.context.SecurityContextPersistenceFilter@7cd3e0da, org.springframework.security.web.header.HeaderWriterFilter@4264beb8, org.springframework.web.filter.CorsFilter@70f4f89e, org.springframework.security.web.authentication.logout.LogoutFilter@1d1bf7bf, es.uclm.esi.security.jwt.AuthTokenFilter@634aa81e, org.springframework.security.web.savedrequest.RequestCacheAwareFilter@919086, org.springframework.security.web.servletapi.SecurityContextHolderAwareRequestFilter@67e77f52, org.springframework.security.web.authentication.AnonymousAuthenticationFilter@74b1838, org.springframework.security.web.session.SessionManagementFilter@647fb583, org.springframework.security.web.access.ExceptionTranslationFilter@4ff66917, org.springframework.security.web.access.intercept.FilterSecurityInterceptor@2ba9f986]
2020-11-17 18:34:50 - Initializing ExecutorService 'applicationTaskExecutor'
2020-11-17 18:34:50 - Initializing Spring TestDispatcherServlet ''
2020-11-17 18:34:50 - Initializing Servlet ''
2020-11-17 18:34:50 - Completed initialization in 28 ms
2020-11-17 18:34:50 - Started CucumberTestContextConfiguration in 7.623 seconds (JVM running for 23.445)

Scenario Outline: cancelar                     &amp#27;[90m# src/test/java/es/uclm/esi/features/cancelarReunion.feature:12&amp#27;[0m
  &amp#27;[32mWhen &amp#27;[0m&amp#27;[32mselecciono la reunion con id &amp#27;[0m&amp#27;[32m&amp#27;[1m7&amp#27;[0m          &amp#27;[90m# es.uclm.esi.CancelarReunionStepDefinitions.selecciono_la_reunion_con_id(java.lang.Integer)&amp#27;[0m
  &amp#27;[32mThen &amp#27;[0m&amp#27;[32mcancelo la reunion con token &amp#27;[0m&amp#27;[32m&amp#27;[1m"Admin123"&amp#27;[0m &amp#27;[90m# es.uclm.esi.CancelarReunionStepDefinitions.cancelo_la_reunion(java.lang.String)&amp#27;[0m
  &amp#27;[31mThen &amp#27;[0m&amp#27;[31mla respuesta sera &amp#27;[0m&amp#27;[31m&amp#27;[1m200&amp#27;[0m                   &amp#27;[90m# es.uclm.esi.CancelarReunionStepDefinitions.la_respuesta_sera(java.lang.Integer)&amp#27;[0m
      &amp#27;[31mjava.lang.AssertionError: expected:<200> but was:<404>
	at org.junit.Assert.fail(Assert.java:89)
	at org.junit.Assert.failNotEquals(Assert.java:835)
	at org.junit.Assert.assertEquals(Assert.java:120)
	at org.junit.Assert.assertEquals(Assert.java:146)
	at es.uclm.esi.CancelarReunionStepDefinitions.la_respuesta_sera(CancelarReunionStepDefinitions.java:48)
	at âœ½.la respuesta sera 200(file:///C:/Users/FÃ¡tima/git/SIGET-Equipo3/src/test/java/es/uclm/esi/features/cancelarReunion.feature:7)
&amp#27;[0m
]]></system-out>
  </testcase>
  <testcase name="cancelar #2" classname="es.uclm.esi.RunCucumberTest" time="0.113">
    <failure message="expected:&lt;400&gt; but was:&lt;404&gt;" type="java.lang.AssertionError"><![CDATA[java.lang.AssertionError: expected:<400> but was:<404>
]]></failure>
    <system-out><![CDATA[2020-11-17 18:34:51 - Neither @ContextConfiguration nor @ContextHierarchy found for test class [es.uclm.esi.CucumberTestContextConfiguration], using SpringBootContextLoader
2020-11-17 18:34:51 - Could not detect default resource locations for test class [es.uclm.esi.CucumberTestContextConfiguration]: no resource found for suffixes {-context.xml, Context.groovy}.
2020-11-17 18:34:51 - Could not detect default configuration classes for test class [es.uclm.esi.CucumberTestContextConfiguration]: CucumberTestContextConfiguration does not declare any static, non-private, non-final, nested classes annotated with @Configuration.
2020-11-17 18:34:51 - Found @SpringBootConfiguration es.uclm.esi.SigetApplication for test class es.uclm.esi.CucumberTestContextConfiguration
2020-11-17 18:34:51 - Loaded default TestExecutionListener class names from location [META-INF/spring.factories]: [org.springframework.boot.test.mock.mockito.MockitoTestExecutionListener, org.springframework.boot.test.mock.mockito.ResetMocksTestExecutionListener, org.springframework.boot.test.autoconfigure.restdocs.RestDocsTestExecutionListener, org.springframework.boot.test.autoconfigure.web.client.MockRestServiceServerResetTestExecutionListener, org.springframework.boot.test.autoconfigure.web.servlet.MockMvcPrintOnlyOnFailureTestExecutionListener, org.springframework.boot.test.autoconfigure.web.servlet.WebDriverTestExecutionListener, org.springframework.boot.test.autoconfigure.webservices.client.MockWebServiceServerTestExecutionListener, org.springframework.test.context.web.ServletTestExecutionListener, org.springframework.test.context.support.DirtiesContextBeforeModesTestExecutionListener, org.springframework.test.context.support.DependencyInjectionTestExecutionListener, org.springframework.test.context.support.DirtiesContextTestExecutionListener, org.springframework.test.context.transaction.TransactionalTestExecutionListener, org.springframework.test.context.jdbc.SqlScriptsTestExecutionListener, org.springframework.test.context.event.EventPublishingTestExecutionListener, org.springframework.security.test.context.support.WithSecurityContextTestExecutionListener, org.springframework.security.test.context.support.ReactorContextTestExecutionListener]
2020-11-17 18:34:51 - Using TestExecutionListeners: [org.springframework.test.context.web.ServletTestExecutionListener@2a7bc16b, org.springframework.test.context.support.DirtiesContextBeforeModesTestExecutionListener@1186374c, org.springframework.boot.test.mock.mockito.MockitoTestExecutionListener@42cc5460, org.springframework.boot.test.autoconfigure.SpringBootDependencyInjectionTestExecutionListener@5486ee92, org.springframework.test.context.support.DirtiesContextTestExecutionListener@20820df0, org.springframework.test.context.transaction.TransactionalTestExecutionListener@9e62fb, org.springframework.test.context.jdbc.SqlScriptsTestExecutionListener@205159dc, org.springframework.test.context.event.EventPublishingTestExecutionListener@43c0c13a, org.springframework.security.test.context.support.WithSecurityContextTestExecutionListener@731db93f, org.springframework.security.test.context.support.ReactorContextTestExecutionListener@67941d, org.springframework.boot.test.mock.mockito.ResetMocksTestExecutionListener@2ad2b274, org.springframework.boot.test.autoconfigure.restdocs.RestDocsTestExecutionListener@6fde6f05, org.springframework.boot.test.autoconfigure.web.client.MockRestServiceServerResetTestExecutionListener@7114e780, org.springframework.boot.test.autoconfigure.web.servlet.MockMvcPrintOnlyOnFailureTestExecutionListener@4def42c3, org.springframework.boot.test.autoconfigure.web.servlet.WebDriverTestExecutionListener@72110818, org.springframework.boot.test.autoconfigure.webservices.client.MockWebServiceServerTestExecutionListener@6eabe718]

Scenario Outline: cancelar                     &amp#27;[90m# src/test/java/es/uclm/esi/features/cancelarReunion.feature:13&amp#27;[0m
  &amp#27;[32mWhen &amp#27;[0m&amp#27;[32mselecciono la reunion con id &amp#27;[0m&amp#27;[32m&amp#27;[1m8&amp#27;[0m          &amp#27;[90m# es.uclm.esi.CancelarReunionStepDefinitions.selecciono_la_reunion_con_id(java.lang.Integer)&amp#27;[0m
  &amp#27;[32mThen &amp#27;[0m&amp#27;[32mcancelo la reunion con token &amp#27;[0m&amp#27;[32m&amp#27;[1m"Admin123"&amp#27;[0m &amp#27;[90m# es.uclm.esi.CancelarReunionStepDefinitions.cancelo_la_reunion(java.lang.String)&amp#27;[0m
  &amp#27;[31mThen &amp#27;[0m&amp#27;[31mla respuesta sera &amp#27;[0m&amp#27;[31m&amp#27;[1m400&amp#27;[0m                   &amp#27;[90m# es.uclm.esi.CancelarReunionStepDefinitions.la_respuesta_sera(java.lang.Integer)&amp#27;[0m
      &amp#27;[31mjava.lang.AssertionError: expected:<400> but was:<404>
	at org.junit.Assert.fail(Assert.java:89)
	at org.junit.Assert.failNotEquals(Assert.java:835)
	at org.junit.Assert.assertEquals(Assert.java:120)
	at org.junit.Assert.assertEquals(Assert.java:146)
	at es.uclm.esi.CancelarReunionStepDefinitions.la_respuesta_sera(CancelarReunionStepDefinitions.java:48)
	at âœ½.la respuesta sera 400(file:///C:/Users/FÃ¡tima/git/SIGET-Equipo3/src/test/java/es/uclm/esi/features/cancelarReunion.feature:7)
&amp#27;[0m
]]></system-out>
  </testcase>
  <testcase name="el cliente llama al saludo" classname="es.uclm.esi.RunCucumberTest" time="0.06"/>
  <testcase name="Buen Login" classname="es.uclm.esi.RunCucumberTest" time="0.262"/>
  <testcase name="Mal Login" classname="es.uclm.esi.RunCucumberTest" time="0.237"/>
  <testcase name="Mal Login 2" classname="es.uclm.esi.RunCucumberTest" time="0.308"/>
  <testcase name="Mal Login 3" classname="es.uclm.esi.RunCucumberTest" time="0.335"/>
</testsuite>