<?xml version="1.0" encoding="UTF-8"?>
<testsuite xmlns:xsi="http://www.w3.org/2001/XMLSchema-instance" xsi:noNamespaceSchemaLocation="https://maven.apache.org/surefire/maven-surefire-plugin/xsd/surefire-test-report.xsd" name="es.uclm.esi.RunCucumberTest" time="5.433" tests="17" errors="0" skipped="0" failures="4">
  <properties>
[...]
</properties>
  <testcase name="aceptar" classname="es.uclm.esi.RunCucumberTest" time="2.007"/>
  <testcase name="Calendario mes" classname="es.uclm.esi.RunCucumberTest" time="0.517"/>
  <testcase name="Calendario dia" classname="es.uclm.esi.RunCucumberTest" time="0.181"/>
  <testcase name="cancelar #1" classname="es.uclm.esi.RunCucumberTest" time="0.094">
    <failure message="expected:&lt;200&gt; but was:&lt;404&gt;" type="java.lang.AssertionError"><![CDATA[java.lang.AssertionError: expected:<200> but was:<404>
]]></failure>
    <system-out><![CDATA[2020-11-18 13:08:34 - Neither @ContextConfiguration nor @ContextHierarchy found for test class [es.uclm.esi.CucumberTestContextConfiguration], using SpringBootContextLoader
2020-11-18 13:08:34 - Could not detect default resource locations for test class [es.uclm.esi.CucumberTestContextConfiguration]: no resource found for suffixes {-context.xml, Context.groovy}.
2020-11-18 13:08:34 - Could not detect default configuration classes for test class [es.uclm.esi.CucumberTestContextConfiguration]: CucumberTestContextConfiguration does not declare any static, non-private, non-final, nested classes annotated with @Configuration.
2020-11-18 13:08:34 - Found @SpringBootConfiguration es.uclm.esi.SigetApplication for test class es.uclm.esi.CucumberTestContextConfiguration
2020-11-18 13:08:34 - Loaded default TestExecutionListener class names from location [META-INF/spring.factories]: [org.springframework.boot.test.mock.mockito.MockitoTestExecutionListener, org.springframework.boot.test.mock.mockito.ResetMocksTestExecutionListener, org.springframework.boot.test.autoconfigure.restdocs.RestDocsTestExecutionListener, org.springframework.boot.test.autoconfigure.web.client.MockRestServiceServerResetTestExecutionListener, org.springframework.boot.test.autoconfigure.web.servlet.MockMvcPrintOnlyOnFailureTestExecutionListener, org.springframework.boot.test.autoconfigure.web.servlet.WebDriverTestExecutionListener, org.springframework.boot.test.autoconfigure.webservices.client.MockWebServiceServerTestExecutionListener, org.springframework.test.context.web.ServletTestExecutionListener, org.springframework.test.context.support.DirtiesContextBeforeModesTestExecutionListener, org.springframework.test.context.support.DependencyInjectionTestExecutionListener, org.springframework.test.context.support.DirtiesContextTestExecutionListener, org.springframework.test.context.transaction.TransactionalTestExecutionListener, org.springframework.test.context.jdbc.SqlScriptsTestExecutionListener, org.springframework.test.context.event.EventPublishingTestExecutionListener, org.springframework.security.test.context.support.WithSecurityContextTestExecutionListener, org.springframework.security.test.context.support.ReactorContextTestExecutionListener]
2020-11-18 13:08:34 - Using TestExecutionListeners: [org.springframework.test.context.web.ServletTestExecutionListener@411ae0d7, org.springframework.test.context.support.DirtiesContextBeforeModesTestExecutionListener@608c2042, org.springframework.boot.test.mock.mockito.MockitoTestExecutionListener@7e84a52b, org.springframework.boot.test.autoconfigure.SpringBootDependencyInjectionTestExecutionListener@40199d5e, org.springframework.test.context.support.DirtiesContextTestExecutionListener@5693d1d2, org.springframework.test.context.transaction.TransactionalTestExecutionListener@571c7572, org.springframework.test.context.jdbc.SqlScriptsTestExecutionListener@c6a3f47, org.springframework.test.context.event.EventPublishingTestExecutionListener@15a0f9, org.springframework.security.test.context.support.WithSecurityContextTestExecutionListener@4840ec68, org.springframework.security.test.context.support.ReactorContextTestExecutionListener@7cc3a7f7, org.springframework.boot.test.mock.mockito.ResetMocksTestExecutionListener@210e2f2f, org.springframework.boot.test.autoconfigure.restdocs.RestDocsTestExecutionListener@c31419f, org.springframework.boot.test.autoconfigure.web.client.MockRestServiceServerResetTestExecutionListener@43dddfdd, org.springframework.boot.test.autoconfigure.web.servlet.MockMvcPrintOnlyOnFailureTestExecutionListener@22c0344e, org.springframework.boot.test.autoconfigure.web.servlet.WebDriverTestExecutionListener@7267006e, org.springframework.boot.test.autoconfigure.webservices.client.MockWebServiceServerTestExecutionListener@745c8a04]

Scenario Outline: cancelar                     &amp#27;[90m# src/test/java/es/uclm/esi/features/cancelarReunion.feature:12&amp#27;[0m
  &amp#27;[32mWhen &amp#27;[0m&amp#27;[32mseleciono la reunion con id &amp#27;[0m&amp#27;[32m&amp#27;[1m7&amp#27;[0m           &amp#27;[90m# es.uclm.esi.CancelarReunionStepDefinitions.seleciono_la_reunion_con_id(java.lang.Integer)&amp#27;[0m
  &amp#27;[32mThen &amp#27;[0m&amp#27;[32mcancelo la reunion con token &amp#27;[0m&amp#27;[32m&amp#27;[1m"Admin123"&amp#27;[0m &amp#27;[90m# es.uclm.esi.CancelarReunionStepDefinitions.cancelo_la_reunion(java.lang.String)&amp#27;[0m
  &amp#27;[31mThen &amp#27;[0m&amp#27;[31mla respuesta debe ser &amp#27;[0m&amp#27;[31m&amp#27;[1m200&amp#27;[0m               &amp#27;[90m# es.uclm.esi.CancelarReunionStepDefinitions.la_respuesta_debe_ser(java.lang.Integer)&amp#27;[0m
      &amp#27;[31mjava.lang.AssertionError: expected:<200> but was:<404>
	at org.junit.Assert.fail(Assert.java:89)
	at org.junit.Assert.failNotEquals(Assert.java:835)
	at org.junit.Assert.assertEquals(Assert.java:120)
	at org.junit.Assert.assertEquals(Assert.java:146)
	at es.uclm.esi.CancelarReunionStepDefinitions.la_respuesta_debe_ser(CancelarReunionStepDefinitions.java:49)
	at âœ½.la respuesta debe ser 200(file:///C:/Users/USUARIO/git/SIGET-Equipo3/src/test/java/es/uclm/esi/features/cancelarReunion.feature:7)
&amp#27;[0m
]]></system-out>
  </testcase>
  <testcase name="cancelar #2" classname="es.uclm.esi.RunCucumberTest" time="0.073">
    <failure message="expected:&lt;400&gt; but was:&lt;404&gt;" type="java.lang.AssertionError"><![CDATA[java.lang.AssertionError: expected:<400> but was:<404>
]]></failure>
    <system-out><![CDATA[2020-11-18 13:08:34 - Neither @ContextConfiguration nor @ContextHierarchy found for test class [es.uclm.esi.CucumberTestContextConfiguration], using SpringBootContextLoader
2020-11-18 13:08:34 - Could not detect default resource locations for test class [es.uclm.esi.CucumberTestContextConfiguration]: no resource found for suffixes {-context.xml, Context.groovy}.
2020-11-18 13:08:34 - Could not detect default configuration classes for test class [es.uclm.esi.CucumberTestContextConfiguration]: CucumberTestContextConfiguration does not declare any static, non-private, non-final, nested classes annotated with @Configuration.
2020-11-18 13:08:34 - Found @SpringBootConfiguration es.uclm.esi.SigetApplication for test class es.uclm.esi.CucumberTestContextConfiguration
2020-11-18 13:08:34 - Loaded default TestExecutionListener class names from location [META-INF/spring.factories]: [org.springframework.boot.test.mock.mockito.MockitoTestExecutionListener, org.springframework.boot.test.mock.mockito.ResetMocksTestExecutionListener, org.springframework.boot.test.autoconfigure.restdocs.RestDocsTestExecutionListener, org.springframework.boot.test.autoconfigure.web.client.MockRestServiceServerResetTestExecutionListener, org.springframework.boot.test.autoconfigure.web.servlet.MockMvcPrintOnlyOnFailureTestExecutionListener, org.springframework.boot.test.autoconfigure.web.servlet.WebDriverTestExecutionListener, org.springframework.boot.test.autoconfigure.webservices.client.MockWebServiceServerTestExecutionListener, org.springframework.test.context.web.ServletTestExecutionListener, org.springframework.test.context.support.DirtiesContextBeforeModesTestExecutionListener, org.springframework.test.context.support.DependencyInjectionTestExecutionListener, org.springframework.test.context.support.DirtiesContextTestExecutionListener, org.springframework.test.context.transaction.TransactionalTestExecutionListener, org.springframework.test.context.jdbc.SqlScriptsTestExecutionListener, org.springframework.test.context.event.EventPublishingTestExecutionListener, org.springframework.security.test.context.support.WithSecurityContextTestExecutionListener, org.springframework.security.test.context.support.ReactorContextTestExecutionListener]
2020-11-18 13:08:34 - Using TestExecutionListeners: [org.springframework.test.context.web.ServletTestExecutionListener@281963c, org.springframework.test.context.support.DirtiesContextBeforeModesTestExecutionListener@2a2815cc, org.springframework.boot.test.mock.mockito.MockitoTestExecutionListener@18fa5af6, org.springframework.boot.test.autoconfigure.SpringBootDependencyInjectionTestExecutionListener@7fdabb3b, org.springframework.test.context.support.DirtiesContextTestExecutionListener@7164e28a, org.springframework.test.context.transaction.TransactionalTestExecutionListener@1b881f1f, org.springframework.test.context.jdbc.SqlScriptsTestExecutionListener@51efdb72, org.springframework.test.context.event.EventPublishingTestExecutionListener@7bc6b117, org.springframework.security.test.context.support.WithSecurityContextTestExecutionListener@2de07c57, org.springframework.security.test.context.support.ReactorContextTestExecutionListener@76cbee13, org.springframework.boot.test.mock.mockito.ResetMocksTestExecutionListener@59d09ff3, org.springframework.boot.test.autoconfigure.restdocs.RestDocsTestExecutionListener@17d0d3d7, org.springframework.boot.test.autoconfigure.web.client.MockRestServiceServerResetTestExecutionListener@39fc17be, org.springframework.boot.test.autoconfigure.web.servlet.MockMvcPrintOnlyOnFailureTestExecutionListener@106edde4, org.springframework.boot.test.autoconfigure.web.servlet.WebDriverTestExecutionListener@4d9cf71d, org.springframework.boot.test.autoconfigure.webservices.client.MockWebServiceServerTestExecutionListener@5c43cb12]

Scenario Outline: cancelar                     &amp#27;[90m# src/test/java/es/uclm/esi/features/cancelarReunion.feature:13&amp#27;[0m
  &amp#27;[32mWhen &amp#27;[0m&amp#27;[32mseleciono la reunion con id &amp#27;[0m&amp#27;[32m&amp#27;[1m8&amp#27;[0m           &amp#27;[90m# es.uclm.esi.CancelarReunionStepDefinitions.seleciono_la_reunion_con_id(java.lang.Integer)&amp#27;[0m
  &amp#27;[32mThen &amp#27;[0m&amp#27;[32mcancelo la reunion con token &amp#27;[0m&amp#27;[32m&amp#27;[1m"Admin123"&amp#27;[0m &amp#27;[90m# es.uclm.esi.CancelarReunionStepDefinitions.cancelo_la_reunion(java.lang.String)&amp#27;[0m
  &amp#27;[31mThen &amp#27;[0m&amp#27;[31mla respuesta debe ser &amp#27;[0m&amp#27;[31m&amp#27;[1m400&amp#27;[0m               &amp#27;[90m# es.uclm.esi.CancelarReunionStepDefinitions.la_respuesta_debe_ser(java.lang.Integer)&amp#27;[0m
      &amp#27;[31mjava.lang.AssertionError: expected:<400> but was:<404>
	at org.junit.Assert.fail(Assert.java:89)
	at org.junit.Assert.failNotEquals(Assert.java:835)
	at org.junit.Assert.assertEquals(Assert.java:120)
	at org.junit.Assert.assertEquals(Assert.java:146)
	at es.uclm.esi.CancelarReunionStepDefinitions.la_respuesta_debe_ser(CancelarReunionStepDefinitions.java:49)
	at âœ½.la respuesta debe ser 400(file:///C:/Users/USUARIO/git/SIGET-Equipo3/src/test/java/es/uclm/esi/features/cancelarReunion.feature:7)
&amp#27;[0m
]]></system-out>
  </testcase>
  <testcase name="convocar #1" classname="es.uclm.esi.RunCucumberTest" time="0.109">
    <failure message="expected:&lt;200&gt; but was:&lt;404&gt;" type="java.lang.AssertionError"><![CDATA[java.lang.AssertionError: expected:<200> but was:<404>
]]></failure>
    <system-out><![CDATA[2020-11-18 13:08:34 - Neither @ContextConfiguration nor @ContextHierarchy found for test class [es.uclm.esi.CucumberTestContextConfiguration], using SpringBootContextLoader
2020-11-18 13:08:34 - Could not detect default resource locations for test class [es.uclm.esi.CucumberTestContextConfiguration]: no resource found for suffixes {-context.xml, Context.groovy}.
2020-11-18 13:08:34 - Could not detect default configuration classes for test class [es.uclm.esi.CucumberTestContextConfiguration]: CucumberTestContextConfiguration does not declare any static, non-private, non-final, nested classes annotated with @Configuration.
2020-11-18 13:08:34 - Found @SpringBootConfiguration es.uclm.esi.SigetApplication for test class es.uclm.esi.CucumberTestContextConfiguration
2020-11-18 13:08:34 - Loaded default TestExecutionListener class names from location [META-INF/spring.factories]: [org.springframework.boot.test.mock.mockito.MockitoTestExecutionListener, org.springframework.boot.test.mock.mockito.ResetMocksTestExecutionListener, org.springframework.boot.test.autoconfigure.restdocs.RestDocsTestExecutionListener, org.springframework.boot.test.autoconfigure.web.client.MockRestServiceServerResetTestExecutionListener, org.springframework.boot.test.autoconfigure.web.servlet.MockMvcPrintOnlyOnFailureTestExecutionListener, org.springframework.boot.test.autoconfigure.web.servlet.WebDriverTestExecutionListener, org.springframework.boot.test.autoconfigure.webservices.client.MockWebServiceServerTestExecutionListener, org.springframework.test.context.web.ServletTestExecutionListener, org.springframework.test.context.support.DirtiesContextBeforeModesTestExecutionListener, org.springframework.test.context.support.DependencyInjectionTestExecutionListener, org.springframework.test.context.support.DirtiesContextTestExecutionListener, org.springframework.test.context.transaction.TransactionalTestExecutionListener, org.springframework.test.context.jdbc.SqlScriptsTestExecutionListener, org.springframework.test.context.event.EventPublishingTestExecutionListener, org.springframework.security.test.context.support.WithSecurityContextTestExecutionListener, org.springframework.security.test.context.support.ReactorContextTestExecutionListener]
2020-11-18 13:08:34 - Using TestExecutionListeners: [org.springframework.test.context.web.ServletTestExecutionListener@b6b746b, org.springframework.test.context.support.DirtiesContextBeforeModesTestExecutionListener@55d8f6bb, org.springframework.boot.test.mock.mockito.MockitoTestExecutionListener@56b48163, org.springframework.boot.test.autoconfigure.SpringBootDependencyInjectionTestExecutionListener@eb6ccbc, org.springframework.test.context.support.DirtiesContextTestExecutionListener@5eae392d, org.springframework.test.context.transaction.TransactionalTestExecutionListener@4cd1716d, org.springframework.test.context.jdbc.SqlScriptsTestExecutionListener@3e1c5e0d, org.springframework.test.context.event.EventPublishingTestExecutionListener@6f7a65e, org.springframework.security.test.context.support.WithSecurityContextTestExecutionListener@29bf90fc, org.springframework.security.test.context.support.ReactorContextTestExecutionListener@6e22d6bf, org.springframework.boot.test.mock.mockito.ResetMocksTestExecutionListener@32121140, org.springframework.boot.test.autoconfigure.restdocs.RestDocsTestExecutionListener@96c840a, org.springframework.boot.test.autoconfigure.web.client.MockRestServiceServerResetTestExecutionListener@5c81ddab, org.springframework.boot.test.autoconfigure.web.servlet.MockMvcPrintOnlyOnFailureTestExecutionListener@24ee6faa, org.springframework.boot.test.autoconfigure.web.servlet.WebDriverTestExecutionListener@6d4f266, org.springframework.boot.test.autoconfigure.webservices.client.MockWebServiceServerTestExecutionListener@6b756a62]

Scenario Outline: convocar                               &amp#27;[90m# src/test/java/es/uclm/esi/features/convocarReunion.feature:18&amp#27;[0m
  &amp#27;[32mWhen &amp#27;[0m&amp#27;[32mtitulo es &amp#27;[0m&amp#27;[32m&amp#27;[1m"Reunion 1"&amp#27;[0m                             &amp#27;[90m# es.uclm.esi.ConvocarReunionStepDefinitions.titulo_es(java.lang.String)&amp#27;[0m
  &amp#27;[32mAnd &amp#27;[0m&amp#27;[32mestado es &amp#27;[0m&amp#27;[32m&amp#27;[1m"pendiente"&amp#27;[0m                              &amp#27;[90m# es.uclm.esi.ConvocarReunionStepDefinitions.estado_es(java.lang.String)&amp#27;[0m
  &amp#27;[32mAnd &amp#27;[0m&amp#27;[32mdia es &amp#27;[0m&amp#27;[32m&amp#27;[1m20&amp#27;[0m                                          &amp#27;[90m# es.uclm.esi.ConvocarReunionStepDefinitions.dia_es(java.lang.Integer)&amp#27;[0m
  &amp#27;[32mAnd &amp#27;[0m&amp#27;[32mmes es &amp#27;[0m&amp#27;[32m&amp#27;[1m11&amp#27;[0m                                          &amp#27;[90m# es.uclm.esi.ConvocarReunionStepDefinitions.mes_es(java.lang.Integer)&amp#27;[0m
  &amp#27;[32mAnd &amp#27;[0m&amp#27;[32mano es &amp#27;[0m&amp#27;[32m&amp#27;[1m2020&amp#27;[0m                                        &amp#27;[90m# es.uclm.esi.ConvocarReunionStepDefinitions.ano_es(java.lang.Integer)&amp#27;[0m
  &amp#27;[32mAnd &amp#27;[0m&amp#27;[32mhora es &amp#27;[0m&amp#27;[32m&amp#27;[1m"22:00"&amp#27;[0m                                    &amp#27;[90m# es.uclm.esi.ConvocarReunionStepDefinitions.hora_es(java.lang.String)&amp#27;[0m
  &amp#27;[32mAnd &amp#27;[0m&amp#27;[32mdescripcion es &amp#27;[0m&amp#27;[32m&amp#27;[1m"Prueba"&amp#27;[0m                            &amp#27;[90m# es.uclm.esi.ConvocarReunionStepDefinitions.descripcion_es(java.lang.String)&amp#27;[0m
  &amp#27;[32mAnd &amp#27;[0m&amp#27;[32masistentes son &amp#27;[0m&amp#27;[32m&amp#27;[1m"Fatima:pendiente,Victor:pendiente"&amp#27;[0m &amp#27;[90m# es.uclm.esi.ConvocarReunionStepDefinitions.asistentes_son(java.lang.String)&amp#27;[0m
  &amp#27;[32mThen &amp#27;[0m&amp#27;[32mconvoco la reunion con token &amp#27;[0m&amp#27;[32m&amp#27;[1m"token"&amp#27;[0m              &amp#27;[90m# es.uclm.esi.ConvocarReunionStepDefinitions.convoco_la_reunion(java.lang.String)&amp#27;[0m
  &amp#27;[31mThen &amp#27;[0m&amp#27;[31mla respuesta sera &amp#27;[0m&amp#27;[31m&amp#27;[1m200&amp#27;[0m                             &amp#27;[90m# es.uclm.esi.ConvocarReunionStepDefinitions.la_respuesta_sera(java.lang.Integer)&amp#27;[0m
      &amp#27;[31mjava.lang.AssertionError: expected:<200> but was:<404>
	at org.junit.Assert.fail(Assert.java:89)
	at org.junit.Assert.failNotEquals(Assert.java:835)
	at org.junit.Assert.assertEquals(Assert.java:120)
	at org.junit.Assert.assertEquals(Assert.java:146)
	at es.uclm.esi.ConvocarReunionStepDefinitions.la_respuesta_sera(ConvocarReunionStepDefinitions.java:105)
	at âœ½.la respuesta sera 200(file:///C:/Users/USUARIO/git/SIGET-Equipo3/src/test/java/es/uclm/esi/features/convocarReunion.feature:14)
&amp#27;[0m
]]></system-out>
  </testcase>
  <testcase name="convocar #2" classname="es.uclm.esi.RunCucumberTest" time="0.101">
    <failure message="expected:&lt;400&gt; but was:&lt;404&gt;" type="java.lang.AssertionError"><![CDATA[java.lang.AssertionError: expected:<400> but was:<404>
]]></failure>
    <system-out><![CDATA[2020-11-18 13:08:34 - Neither @ContextConfiguration nor @ContextHierarchy found for test class [es.uclm.esi.CucumberTestContextConfiguration], using SpringBootContextLoader
2020-11-18 13:08:34 - Could not detect default resource locations for test class [es.uclm.esi.CucumberTestContextConfiguration]: no resource found for suffixes {-context.xml, Context.groovy}.
2020-11-18 13:08:34 - Could not detect default configuration classes for test class [es.uclm.esi.CucumberTestContextConfiguration]: CucumberTestContextConfiguration does not declare any static, non-private, non-final, nested classes annotated with @Configuration.
2020-11-18 13:08:34 - Found @SpringBootConfiguration es.uclm.esi.SigetApplication for test class es.uclm.esi.CucumberTestContextConfiguration
2020-11-18 13:08:34 - Loaded default TestExecutionListener class names from location [META-INF/spring.factories]: [org.springframework.boot.test.mock.mockito.MockitoTestExecutionListener, org.springframework.boot.test.mock.mockito.ResetMocksTestExecutionListener, org.springframework.boot.test.autoconfigure.restdocs.RestDocsTestExecutionListener, org.springframework.boot.test.autoconfigure.web.client.MockRestServiceServerResetTestExecutionListener, org.springframework.boot.test.autoconfigure.web.servlet.MockMvcPrintOnlyOnFailureTestExecutionListener, org.springframework.boot.test.autoconfigure.web.servlet.WebDriverTestExecutionListener, org.springframework.boot.test.autoconfigure.webservices.client.MockWebServiceServerTestExecutionListener, org.springframework.test.context.web.ServletTestExecutionListener, org.springframework.test.context.support.DirtiesContextBeforeModesTestExecutionListener, org.springframework.test.context.support.DependencyInjectionTestExecutionListener, org.springframework.test.context.support.DirtiesContextTestExecutionListener, org.springframework.test.context.transaction.TransactionalTestExecutionListener, org.springframework.test.context.jdbc.SqlScriptsTestExecutionListener, org.springframework.test.context.event.EventPublishingTestExecutionListener, org.springframework.security.test.context.support.WithSecurityContextTestExecutionListener, org.springframework.security.test.context.support.ReactorContextTestExecutionListener]
2020-11-18 13:08:34 - Using TestExecutionListeners: [org.springframework.test.context.web.ServletTestExecutionListener@261099e1, org.springframework.test.context.support.DirtiesContextBeforeModesTestExecutionListener@ed1d2cf, org.springframework.boot.test.mock.mockito.MockitoTestExecutionListener@b814e23, org.springframework.boot.test.autoconfigure.SpringBootDependencyInjectionTestExecutionListener@5f81507a, org.springframework.test.context.support.DirtiesContextTestExecutionListener@7d7c05fa, org.springframework.test.context.transaction.TransactionalTestExecutionListener@7dbbf730, org.springframework.test.context.jdbc.SqlScriptsTestExecutionListener@7c4a5ef2, org.springframework.test.context.event.EventPublishingTestExecutionListener@299dd381, org.springframework.security.test.context.support.WithSecurityContextTestExecutionListener@34d3409d, org.springframework.security.test.context.support.ReactorContextTestExecutionListener@16732340, org.springframework.boot.test.mock.mockito.ResetMocksTestExecutionListener@38e052b2, org.springframework.boot.test.autoconfigure.restdocs.RestDocsTestExecutionListener@7fa68ff4, org.springframework.boot.test.autoconfigure.web.client.MockRestServiceServerResetTestExecutionListener@515fff35, org.springframework.boot.test.autoconfigure.web.servlet.MockMvcPrintOnlyOnFailureTestExecutionListener@5eb9bf7d, org.springframework.boot.test.autoconfigure.web.servlet.WebDriverTestExecutionListener@64f613da, org.springframework.boot.test.autoconfigure.webservices.client.MockWebServiceServerTestExecutionListener@2f64f99f]

Scenario Outline: convocar                               &amp#27;[90m# src/test/java/es/uclm/esi/features/convocarReunion.feature:19&amp#27;[0m
  &amp#27;[32mWhen &amp#27;[0m&amp#27;[32mtitulo es &amp#27;[0m&amp#27;[32m&amp#27;[1m"Reunion 2"&amp#27;[0m                             &amp#27;[90m# es.uclm.esi.ConvocarReunionStepDefinitions.titulo_es(java.lang.String)&amp#27;[0m
  &amp#27;[32mAnd &amp#27;[0m&amp#27;[32mestado es &amp#27;[0m&amp#27;[32m&amp#27;[1m"pendiente"&amp#27;[0m                              &amp#27;[90m# es.uclm.esi.ConvocarReunionStepDefinitions.estado_es(java.lang.String)&amp#27;[0m
  &amp#27;[32mAnd &amp#27;[0m&amp#27;[32mdia es &amp#27;[0m&amp#27;[32m&amp#27;[1m51&amp#27;[0m                                          &amp#27;[90m# es.uclm.esi.ConvocarReunionStepDefinitions.dia_es(java.lang.Integer)&amp#27;[0m
  &amp#27;[32mAnd &amp#27;[0m&amp#27;[32mmes es &amp#27;[0m&amp#27;[32m&amp#27;[1m11&amp#27;[0m                                          &amp#27;[90m# es.uclm.esi.ConvocarReunionStepDefinitions.mes_es(java.lang.Integer)&amp#27;[0m
  &amp#27;[32mAnd &amp#27;[0m&amp#27;[32mano es &amp#27;[0m&amp#27;[32m&amp#27;[1m2020&amp#27;[0m                                        &amp#27;[90m# es.uclm.esi.ConvocarReunionStepDefinitions.ano_es(java.lang.Integer)&amp#27;[0m
  &amp#27;[32mAnd &amp#27;[0m&amp#27;[32mhora es &amp#27;[0m&amp#27;[32m&amp#27;[1m"16:00"&amp#27;[0m                                    &amp#27;[90m# es.uclm.esi.ConvocarReunionStepDefinitions.hora_es(java.lang.String)&amp#27;[0m
  &amp#27;[32mAnd &amp#27;[0m&amp#27;[32mdescripcion es &amp#27;[0m&amp#27;[32m&amp#27;[1m"Prueba"&amp#27;[0m                            &amp#27;[90m# es.uclm.esi.ConvocarReunionStepDefinitions.descripcion_es(java.lang.String)&amp#27;[0m
  &amp#27;[32mAnd &amp#27;[0m&amp#27;[32masistentes son &amp#27;[0m&amp#27;[32m&amp#27;[1m"Fatima:pendiente,Victor:pendiente"&amp#27;[0m &amp#27;[90m# es.uclm.esi.ConvocarReunionStepDefinitions.asistentes_son(java.lang.String)&amp#27;[0m
  &amp#27;[32mThen &amp#27;[0m&amp#27;[32mconvoco la reunion con token &amp#27;[0m&amp#27;[32m&amp#27;[1m"token"&amp#27;[0m              &amp#27;[90m# es.uclm.esi.ConvocarReunionStepDefinitions.convoco_la_reunion(java.lang.String)&amp#27;[0m
  &amp#27;[31mThen &amp#27;[0m&amp#27;[31mla respuesta sera &amp#27;[0m&amp#27;[31m&amp#27;[1m400&amp#27;[0m                             &amp#27;[90m# es.uclm.esi.ConvocarReunionStepDefinitions.la_respuesta_sera(java.lang.Integer)&amp#27;[0m
      &amp#27;[31mjava.lang.AssertionError: expected:<400> but was:<404>
	at org.junit.Assert.fail(Assert.java:89)
	at org.junit.Assert.failNotEquals(Assert.java:835)
	at org.junit.Assert.assertEquals(Assert.java:120)
	at org.junit.Assert.assertEquals(Assert.java:146)
	at es.uclm.esi.ConvocarReunionStepDefinitions.la_respuesta_sera(ConvocarReunionStepDefinitions.java:105)
	at âœ½.la respuesta sera 400(file:///C:/Users/USUARIO/git/SIGET-Equipo3/src/test/java/es/uclm/esi/features/convocarReunion.feature:14)
&amp#27;[0m
]]></system-out>
  </testcase>
  <testcase name="el cliente llama al saludo" classname="es.uclm.esi.RunCucumberTest" time="0.086"/>
  <testcase name="Buen Login" classname="es.uclm.esi.RunCucumberTest" time="0.274"/>
  <testcase name="Mal Login" classname="es.uclm.esi.RunCucumberTest" time="0.238"/>
  <testcase name="Mal Login 2" classname="es.uclm.esi.RunCucumberTest" time="0.329"/>
  <testcase name="Mal Login 3" classname="es.uclm.esi.RunCucumberTest" time="0.359"/>
  <testcase name="modificar" classname="es.uclm.esi.RunCucumberTest" time="0.437"/>
  <testcase name="Roles de los usuarios de la aplicacion #1" classname="es.uclm.esi.RunCucumberTest" time="0.211"/>
  <testcase name="Roles de los usuarios de la aplicacion #2" classname="es.uclm.esi.RunCucumberTest" time="0.133"/>
  <testcase name="Roles de los usuarios de la aplicacion #3" classname="es.uclm.esi.RunCucumberTest" time="0.151"/>
  <testcase name="Roles de los usuarios de la aplicacion #4" classname="es.uclm.esi.RunCucumberTest" time="0.076"/>
</testsuite>