<?xml version="1.0" encoding="UTF-8"?>
<testsuite xmlns:xsi="http://www.w3.org/2001/XMLSchema-instance" xsi:noNamespaceSchemaLocation="https://maven.apache.org/surefire/maven-surefire-plugin/xsd/surefire-test-report.xsd" name="es.uclm.esi.RunCucumberTest" time="9.777" tests="30" errors="0" skipped="0" failures="0">
  <properties>
[...]
</properties>
  <testcase name="Roles de los usuarios de la aplicacion #1" classname="es.uclm.esi.RunCucumberTest" time="2.222"/>
  <testcase name="Roles de los usuarios de la aplicacion #2" classname="es.uclm.esi.RunCucumberTest" time="0.279"/>
  <testcase name="Roles de los usuarios de la aplicacion #3" classname="es.uclm.esi.RunCucumberTest" time="0.285"/>
  <testcase name="Roles de los usuarios de la aplicacion #4" classname="es.uclm.esi.RunCucumberTest" time="0.067"/>
  <testcase name="Roles de los usuarios de la aplicacion #5" classname="es.uclm.esi.RunCucumberTest" time="0.068"/>
  <testcase name="Calendario mes #1" classname="es.uclm.esi.RunCucumberTest" time="0.333"/>
  <testcase name="Calendario mes #2" classname="es.uclm.esi.RunCucumberTest" time="0.306"/>
  <testcase name="Calendario mes #3" classname="es.uclm.esi.RunCucumberTest" time="0.299"/>
  <testcase name="Calendario dia #1" classname="es.uclm.esi.RunCucumberTest" time="0.301"/>
  <testcase name="Calendario dia #2" classname="es.uclm.esi.RunCucumberTest" time="0.298"/>
  <testcase name="Calendario dia #3" classname="es.uclm.esi.RunCucumberTest" time="0.3"/>
  <testcase name="Calendario dia #4" classname="es.uclm.esi.RunCucumberTest" time="0.3"/>
  <testcase name="convocar #1" classname="es.uclm.esi.RunCucumberTest" time="0.3"/>
  <testcase name="convocar #2" classname="es.uclm.esi.RunCucumberTest" time="0.299"/>
  <testcase name="convocar #3" classname="es.uclm.esi.RunCucumberTest" time="0.34"/>
  <testcase name="aceptar" classname="es.uclm.esi.RunCucumberTest" time="0.39"/>
  <testcase name="rechazar" classname="es.uclm.esi.RunCucumberTest" time="0.349"/>
  <testcase name="cancelar" classname="es.uclm.esi.RunCucumberTest" time="0.359"/>
  <testcase name="Buen Login" classname="es.uclm.esi.RunCucumberTest" time="0.224"/>
  <testcase name="Mal Login" classname="es.uclm.esi.RunCucumberTest" time="0.229"/>
  <testcase name="Mal Login 2" classname="es.uclm.esi.RunCucumberTest" time="0.288"/>
  <testcase name="Mal Login 3" classname="es.uclm.esi.RunCucumberTest" time="0.32"/>
  <testcase name="modificar" classname="es.uclm.esi.RunCucumberTest" time="0.1"/>
  <testcase name="registro #1" classname="es.uclm.esi.RunCucumberTest" time="0.189"/>
  <testcase name="registro #2" classname="es.uclm.esi.RunCucumberTest" time="0.09"/>
  <testcase name="registro #3" classname="es.uclm.esi.RunCucumberTest" time="0.119"/>
  <testcase name="registro #4" classname="es.uclm.esi.RunCucumberTest" time="0.113"/>
  <testcase name="registro #5" classname="es.uclm.esi.RunCucumberTest" time="0.127"/>
  <testcase name="registro #6" classname="es.uclm.esi.RunCucumberTest" time="0.423"/>
  <testcase name="registro #7" classname="es.uclm.esi.RunCucumberTest" time="0.417"/>
</testsuite>