<?xml version="1.0" encoding="UTF-8"?>
<testsuite xmlns:xsi="http://www.w3.org/2001/XMLSchema-instance" xsi:noNamespaceSchemaLocation="https://maven.apache.org/surefire/maven-surefire-plugin/xsd/surefire-test-report.xsd" name="es.uclm.esi.RunCucumberTest" time="14.003" tests="25" errors="0" skipped="0" failures="2">
  <properties>
[...]
</properties>
  <testcase name="Roles de los usuarios de la aplicacion #1" classname="es.uclm.esi.RunCucumberTest" time="7.144"/>
  <testcase name="Roles de los usuarios de la aplicacion #2" classname="es.uclm.esi.RunCucumberTest" time="0.341"/>
  <testcase name="Roles de los usuarios de la aplicacion #3" classname="es.uclm.esi.RunCucumberTest" time="0.321"/>
  <testcase name="Roles de los usuarios de la aplicacion #4" classname="es.uclm.esi.RunCucumberTest" time="0.075"/>
  <testcase name="Roles de los usuarios de la aplicacion #5" classname="es.uclm.esi.RunCucumberTest" time="0.086"/>
  <testcase name="Calendario mes" classname="es.uclm.esi.RunCucumberTest" time="0.051"/>
  <testcase name="Calendario dia" classname="es.uclm.esi.RunCucumberTest" time="0.06"/>
  <testcase name="convocar #1" classname="es.uclm.esi.RunCucumberTest" time="0.334"/>
  <testcase name="convocar #2" classname="es.uclm.esi.RunCucumberTest" time="0.297"/>
  <testcase name="convocar #3" classname="es.uclm.esi.RunCucumberTest" time="0.334"/>
  <testcase name="aceptar" classname="es.uclm.esi.RunCucumberTest" time="0.575"/>
  <testcase name="rechazar" classname="es.uclm.esi.RunCucumberTest" time="0.578">
    <failure message="expected:&lt;200&gt; but was:&lt;null&gt;" type="java.lang.AssertionError"><![CDATA[java.lang.AssertionError: expected:<200> but was:<null>
]]></failure>
    <system-out><![CDATA[2020-11-24 12:46:54 - Neither @ContextConfiguration nor @ContextHierarchy found for test class [es.uclm.esi.CucumberTestContextConfiguration], using SpringBootContextLoader
2020-11-24 12:46:54 - Could not detect default resource locations for test class [es.uclm.esi.CucumberTestContextConfiguration]: no resource found for suffixes {-context.xml, Context.groovy}.
2020-11-24 12:46:54 - Could not detect default configuration classes for test class [es.uclm.esi.CucumberTestContextConfiguration]: CucumberTestContextConfiguration does not declare any static, non-private, non-final, nested classes annotated with @Configuration.
2020-11-24 12:46:54 - Found @SpringBootConfiguration es.uclm.esi.SigetApplication for test class es.uclm.esi.CucumberTestContextConfiguration
2020-11-24 12:46:54 - Loaded default TestExecutionListener class names from location [META-INF/spring.factories]: [org.springframework.boot.test.mock.mockito.MockitoTestExecutionListener, org.springframework.boot.test.mock.mockito.ResetMocksTestExecutionListener, org.springframework.boot.test.autoconfigure.restdocs.RestDocsTestExecutionListener, org.springframework.boot.test.autoconfigure.web.client.MockRestServiceServerResetTestExecutionListener, org.springframework.boot.test.autoconfigure.web.servlet.MockMvcPrintOnlyOnFailureTestExecutionListener, org.springframework.boot.test.autoconfigure.web.servlet.WebDriverTestExecutionListener, org.springframework.boot.test.autoconfigure.webservices.client.MockWebServiceServerTestExecutionListener, org.springframework.test.context.web.ServletTestExecutionListener, org.springframework.test.context.support.DirtiesContextBeforeModesTestExecutionListener, org.springframework.test.context.support.DependencyInjectionTestExecutionListener, org.springframework.test.context.support.DirtiesContextTestExecutionListener, org.springframework.test.context.transaction.TransactionalTestExecutionListener, org.springframework.test.context.jdbc.SqlScriptsTestExecutionListener, org.springframework.test.context.event.EventPublishingTestExecutionListener, org.springframework.security.test.context.support.WithSecurityContextTestExecutionListener, org.springframework.security.test.context.support.ReactorContextTestExecutionListener]
2020-11-24 12:46:54 - Using TestExecutionListeners: [org.springframework.test.context.web.ServletTestExecutionListener@63053b71, org.springframework.test.context.support.DirtiesContextBeforeModesTestExecutionListener@4687c184, org.springframework.boot.test.mock.mockito.MockitoTestExecutionListener@65f3f9e2, org.springframework.boot.test.autoconfigure.SpringBootDependencyInjectionTestExecutionListener@394950ad, org.springframework.test.context.support.DirtiesContextTestExecutionListener@73dd3a46, org.springframework.test.context.transaction.TransactionalTestExecutionListener@bae5e58, org.springframework.test.context.jdbc.SqlScriptsTestExecutionListener@71e89a26, org.springframework.test.context.event.EventPublishingTestExecutionListener@257708e, org.springframework.security.test.context.support.WithSecurityContextTestExecutionListener@18c26588, org.springframework.security.test.context.support.ReactorContextTestExecutionListener@6167a456, org.springframework.boot.test.mock.mockito.ResetMocksTestExecutionListener@54eb2bf6, org.springframework.boot.test.autoconfigure.restdocs.RestDocsTestExecutionListener@6d01f2e5, org.springframework.boot.test.autoconfigure.web.client.MockRestServiceServerResetTestExecutionListener@66e434e8, org.springframework.boot.test.autoconfigure.web.servlet.MockMvcPrintOnlyOnFailureTestExecutionListener@3a7d6976, org.springframework.boot.test.autoconfigure.web.servlet.WebDriverTestExecutionListener@37c45154, org.springframework.boot.test.autoconfigure.webservices.client.MockWebServiceServerTestExecutionListener@55300b93]

Scenario Outline: rechazar                  &amp#27;[90m# src/test/java/es/uclm/esi/features/5rechazarReunion.feature:11&amp#27;[0m
  &amp#27;[32mWhen &amp#27;[0m&amp#27;[32mrechazo la reunion&amp#27;[0m                   &amp#27;[90m# es.uclm.esi.RechazarStepDefinitions.cancelo_la_reunion()&amp#27;[0m
  &amp#27;[31mThen &amp#27;[0m&amp#27;[31mel codigo de rechazar debera ser &amp#27;[0m&amp#27;[31m&amp#27;[1m200&amp#27;[0m &amp#27;[90m# es.uclm.esi.CancelarReunionStepDefinitions.la_respuesta_debe_ser(java.lang.Integer)&amp#27;[0m
      &amp#27;[31mjava.lang.AssertionError: expected:<200> but was:<null>
	at org.junit.Assert.fail(Assert.java:89)
	at org.junit.Assert.failNotEquals(Assert.java:835)
	at org.junit.Assert.assertEquals(Assert.java:120)
	at org.junit.Assert.assertEquals(Assert.java:146)
	at es.uclm.esi.CancelarReunionStepDefinitions.la_respuesta_debe_ser(CancelarReunionStepDefinitions.java:62)
	at âœ½.el codigo de rechazar debera ser 200(file:///C:/Users/gerol/git/SIGET-Equipo3/src/test/java/es/uclm/esi/features/5rechazarReunion.feature:6)
&amp#27;[0m
]]></system-out>
  </testcase>
  <testcase name="cancelar" classname="es.uclm.esi.RunCucumberTest" time="0.565">
    <failure message="expected:&lt;200&gt; but was:&lt;null&gt;" type="java.lang.AssertionError"><![CDATA[java.lang.AssertionError: expected:<200> but was:<null>
]]></failure>
    <system-out><![CDATA[2020-11-24 12:46:54 - Neither @ContextConfiguration nor @ContextHierarchy found for test class [es.uclm.esi.CucumberTestContextConfiguration], using SpringBootContextLoader
2020-11-24 12:46:54 - Could not detect default resource locations for test class [es.uclm.esi.CucumberTestContextConfiguration]: no resource found for suffixes {-context.xml, Context.groovy}.
2020-11-24 12:46:54 - Could not detect default configuration classes for test class [es.uclm.esi.CucumberTestContextConfiguration]: CucumberTestContextConfiguration does not declare any static, non-private, non-final, nested classes annotated with @Configuration.
2020-11-24 12:46:54 - Found @SpringBootConfiguration es.uclm.esi.SigetApplication for test class es.uclm.esi.CucumberTestContextConfiguration
2020-11-24 12:46:54 - Loaded default TestExecutionListener class names from location [META-INF/spring.factories]: [org.springframework.boot.test.mock.mockito.MockitoTestExecutionListener, org.springframework.boot.test.mock.mockito.ResetMocksTestExecutionListener, org.springframework.boot.test.autoconfigure.restdocs.RestDocsTestExecutionListener, org.springframework.boot.test.autoconfigure.web.client.MockRestServiceServerResetTestExecutionListener, org.springframework.boot.test.autoconfigure.web.servlet.MockMvcPrintOnlyOnFailureTestExecutionListener, org.springframework.boot.test.autoconfigure.web.servlet.WebDriverTestExecutionListener, org.springframework.boot.test.autoconfigure.webservices.client.MockWebServiceServerTestExecutionListener, org.springframework.test.context.web.ServletTestExecutionListener, org.springframework.test.context.support.DirtiesContextBeforeModesTestExecutionListener, org.springframework.test.context.support.DependencyInjectionTestExecutionListener, org.springframework.test.context.support.DirtiesContextTestExecutionListener, org.springframework.test.context.transaction.TransactionalTestExecutionListener, org.springframework.test.context.jdbc.SqlScriptsTestExecutionListener, org.springframework.test.context.event.EventPublishingTestExecutionListener, org.springframework.security.test.context.support.WithSecurityContextTestExecutionListener, org.springframework.security.test.context.support.ReactorContextTestExecutionListener]
2020-11-24 12:46:54 - Using TestExecutionListeners: [org.springframework.test.context.web.ServletTestExecutionListener@52fed5b7, org.springframework.test.context.support.DirtiesContextBeforeModesTestExecutionListener@530e08a7, org.springframework.boot.test.mock.mockito.MockitoTestExecutionListener@6920fa35, org.springframework.boot.test.autoconfigure.SpringBootDependencyInjectionTestExecutionListener@19542115, org.springframework.test.context.support.DirtiesContextTestExecutionListener@3da30ce5, org.springframework.test.context.transaction.TransactionalTestExecutionListener@1e4b70c6, org.springframework.test.context.jdbc.SqlScriptsTestExecutionListener@7054c068, org.springframework.test.context.event.EventPublishingTestExecutionListener@48301bfe, org.springframework.security.test.context.support.WithSecurityContextTestExecutionListener@6dd1f239, org.springframework.security.test.context.support.ReactorContextTestExecutionListener@28d97205, org.springframework.boot.test.mock.mockito.ResetMocksTestExecutionListener@7e58b0f6, org.springframework.boot.test.autoconfigure.restdocs.RestDocsTestExecutionListener@367fbb28, org.springframework.boot.test.autoconfigure.web.client.MockRestServiceServerResetTestExecutionListener@54ddd7e4, org.springframework.boot.test.autoconfigure.web.servlet.MockMvcPrintOnlyOnFailureTestExecutionListener@37f7ce20, org.springframework.boot.test.autoconfigure.web.servlet.WebDriverTestExecutionListener@c931728, org.springframework.boot.test.autoconfigure.webservices.client.MockWebServiceServerTestExecutionListener@477e5b69]

Scenario Outline: cancelar       &amp#27;[90m# src/test/java/es/uclm/esi/features/6cancelarReunion.feature:11&amp#27;[0m
  &amp#27;[32mWhen &amp#27;[0m&amp#27;[32mcancelo la reunion&amp#27;[0m        &amp#27;[90m# es.uclm.esi.CancelarReunionStepDefinitions.cancelo_la_reunion()&amp#27;[0m
  &amp#27;[31mThen &amp#27;[0m&amp#27;[31mla respuesta debe ser &amp#27;[0m&amp#27;[31m&amp#27;[1m200&amp#27;[0m &amp#27;[90m# es.uclm.esi.RechazarStepDefinitions.la_respuesta_debe_ser(java.lang.Integer)&amp#27;[0m
      &amp#27;[31mjava.lang.AssertionError: expected:<200> but was:<null>
	at org.junit.Assert.fail(Assert.java:89)
	at org.junit.Assert.failNotEquals(Assert.java:835)
	at org.junit.Assert.assertEquals(Assert.java:120)
	at org.junit.Assert.assertEquals(Assert.java:146)
	at es.uclm.esi.RechazarStepDefinitions.la_respuesta_debe_ser(RechazarStepDefinitions.java:62)
	at âœ½.la respuesta debe ser 200(file:///C:/Users/gerol/git/SIGET-Equipo3/src/test/java/es/uclm/esi/features/6cancelarReunion.feature:6)
&amp#27;[0m
]]></system-out>
  </testcase>
  <testcase name="Buen Login" classname="es.uclm.esi.RunCucumberTest" time="0.243"/>
  <testcase name="Mal Login" classname="es.uclm.esi.RunCucumberTest" time="0.253"/>
  <testcase name="Mal Login 2" classname="es.uclm.esi.RunCucumberTest" time="0.409"/>
  <testcase name="Mal Login 3" classname="es.uclm.esi.RunCucumberTest" time="0.415"/>
  <testcase name="modificar" classname="es.uclm.esi.RunCucumberTest" time="0.161"/>
  <testcase name="registro #1" classname="es.uclm.esi.RunCucumberTest" time="0.254"/>
  <testcase name="registro #2" classname="es.uclm.esi.RunCucumberTest" time="0.105"/>
  <testcase name="registro #3" classname="es.uclm.esi.RunCucumberTest" time="0.125"/>
  <testcase name="registro #4" classname="es.uclm.esi.RunCucumberTest" time="0.138"/>
  <testcase name="registro #5" classname="es.uclm.esi.RunCucumberTest" time="0.203"/>
  <testcase name="registro #6" classname="es.uclm.esi.RunCucumberTest" time="0.446"/>
  <testcase name="registro #7" classname="es.uclm.esi.RunCucumberTest" time="0.397"/>
</testsuite>