<?xml version="1.0" encoding="UTF-8"?>
<testsuite xmlns:xsi="http://www.w3.org/2001/XMLSchema-instance" xsi:noNamespaceSchemaLocation="https://maven.apache.org/surefire/maven-surefire-plugin/xsd/surefire-test-report.xsd" name="es.uclm.esi.RunCucumberTest" time="25.499" tests="8" errors="0" skipped="0" failures="2">
  <properties>
[...]
</properties>
  <testcase name="aceptar" classname="es.uclm.esi.RunCucumberTest" time="8.26"/>
  <testcase name="convocar #1" classname="es.uclm.esi.RunCucumberTest" time="14.064">
    <failure message="expected:&lt;200&gt; but was:&lt;404&gt;" type="java.lang.AssertionError"><![CDATA[java.lang.AssertionError: expected:<200> but was:<404>
]]></failure>
    <system-out><![CDATA[2020-11-17 15:29:47 - Neither @ContextConfiguration nor @ContextHierarchy found for test class [es.uclm.esi.CucumberTestContextConfiguration], using SpringBootContextLoader
2020-11-17 15:29:47 - Could not detect default resource locations for test class [es.uclm.esi.CucumberTestContextConfiguration]: no resource found for suffixes {-context.xml, Context.groovy}.
2020-11-17 15:29:47 - Could not detect default configuration classes for test class [es.uclm.esi.CucumberTestContextConfiguration]: CucumberTestContextConfiguration does not declare any static, non-private, non-final, nested classes annotated with @Configuration.
2020-11-17 15:29:47 - Found @SpringBootConfiguration es.uclm.esi.SigetApplication for test class es.uclm.esi.CucumberTestContextConfiguration
2020-11-17 15:29:47 - Loaded default TestExecutionListener class names from location [META-INF/spring.factories]: [org.springframework.boot.test.mock.mockito.MockitoTestExecutionListener, org.springframework.boot.test.mock.mockito.ResetMocksTestExecutionListener, org.springframework.boot.test.autoconfigure.restdocs.RestDocsTestExecutionListener, org.springframework.boot.test.autoconfigure.web.client.MockRestServiceServerResetTestExecutionListener, org.springframework.boot.test.autoconfigure.web.servlet.MockMvcPrintOnlyOnFailureTestExecutionListener, org.springframework.boot.test.autoconfigure.web.servlet.WebDriverTestExecutionListener, org.springframework.boot.test.autoconfigure.webservices.client.MockWebServiceServerTestExecutionListener, org.springframework.test.context.web.ServletTestExecutionListener, org.springframework.test.context.support.DirtiesContextBeforeModesTestExecutionListener, org.springframework.test.context.support.DependencyInjectionTestExecutionListener, org.springframework.test.context.support.DirtiesContextTestExecutionListener, org.springframework.test.context.transaction.TransactionalTestExecutionListener, org.springframework.test.context.jdbc.SqlScriptsTestExecutionListener, org.springframework.test.context.event.EventPublishingTestExecutionListener, org.springframework.security.test.context.support.WithSecurityContextTestExecutionListener, org.springframework.security.test.context.support.ReactorContextTestExecutionListener]
2020-11-17 15:29:47 - Using TestExecutionListeners: [org.springframework.test.context.web.ServletTestExecutionListener@30cafd13, org.springframework.test.context.support.DirtiesContextBeforeModesTestExecutionListener@1d226f27, org.springframework.boot.test.mock.mockito.MockitoTestExecutionListener@1d944fc0, org.springframework.boot.test.autoconfigure.SpringBootDependencyInjectionTestExecutionListener@7c3c453b, org.springframework.test.context.support.DirtiesContextTestExecutionListener@1b791dca, org.springframework.test.context.transaction.TransactionalTestExecutionListener@15ac02d5, org.springframework.test.context.jdbc.SqlScriptsTestExecutionListener@2af9a5ef, org.springframework.test.context.event.EventPublishingTestExecutionListener@34f23816, org.springframework.security.test.context.support.WithSecurityContextTestExecutionListener@6736f40f, org.springframework.security.test.context.support.ReactorContextTestExecutionListener@12f9f896, org.springframework.boot.test.mock.mockito.ResetMocksTestExecutionListener@7548e1fb, org.springframework.boot.test.autoconfigure.restdocs.RestDocsTestExecutionListener@505f45cc, org.springframework.boot.test.autoconfigure.web.client.MockRestServiceServerResetTestExecutionListener@994544, org.springframework.boot.test.autoconfigure.web.servlet.MockMvcPrintOnlyOnFailureTestExecutionListener@5df92089, org.springframework.boot.test.autoconfigure.web.servlet.WebDriverTestExecutionListener@6f0c45f4, org.springframework.boot.test.autoconfigure.webservices.client.MockWebServiceServerTestExecutionListener@45571cfc]

Scenario Outline: convocar                               &amp#27;[90m# src/test/java/es/uclm/esi/features/convocarReunion.feature:18&amp#27;[0m
  &amp#27;[32mWhen &amp#27;[0m&amp#27;[32mtitulo es &amp#27;[0m&amp#27;[32m&amp#27;[1m"Reunion 1"&amp#27;[0m                             &amp#27;[90m# es.uclm.esi.ConvocarReunionStepDefinitions.titulo_es(java.lang.String)&amp#27;[0m
  &amp#27;[32mAnd &amp#27;[0m&amp#27;[32mestado es &amp#27;[0m&amp#27;[32m&amp#27;[1m"pendiente"&amp#27;[0m                              &amp#27;[90m# es.uclm.esi.ConvocarReunionStepDefinitions.estado_es(java.lang.String)&amp#27;[0m
  &amp#27;[32mAnd &amp#27;[0m&amp#27;[32mdia es &amp#27;[0m&amp#27;[32m&amp#27;[1m20&amp#27;[0m                                          &amp#27;[90m# es.uclm.esi.ConvocarReunionStepDefinitions.dia_es(java.lang.Integer)&amp#27;[0m
  &amp#27;[32mAnd &amp#27;[0m&amp#27;[32mmes es &amp#27;[0m&amp#27;[32m&amp#27;[1m11&amp#27;[0m                                          &amp#27;[90m# es.uclm.esi.ConvocarReunionStepDefinitions.mes_es(java.lang.Integer)&amp#27;[0m
  &amp#27;[32mAnd &amp#27;[0m&amp#27;[32mano es &amp#27;[0m&amp#27;[32m&amp#27;[1m2020&amp#27;[0m                                        &amp#27;[90m# es.uclm.esi.ConvocarReunionStepDefinitions.ano_es(java.lang.Integer)&amp#27;[0m
  &amp#27;[32mAnd &amp#27;[0m&amp#27;[32mhora es &amp#27;[0m&amp#27;[32m&amp#27;[1m"22:00"&amp#27;[0m                                    &amp#27;[90m# es.uclm.esi.ConvocarReunionStepDefinitions.hora_es(java.lang.String)&amp#27;[0m
  &amp#27;[32mAnd &amp#27;[0m&amp#27;[32mdescripcion es &amp#27;[0m&amp#27;[32m&amp#27;[1m"Prueba"&amp#27;[0m                            &amp#27;[90m# es.uclm.esi.ConvocarReunionStepDefinitions.descripcion_es(java.lang.String)&amp#27;[0m
  &amp#27;[32mAnd &amp#27;[0m&amp#27;[32masistentes son &amp#27;[0m&amp#27;[32m&amp#27;[1m"Fatima:pendiente,Victor:pendiente"&amp#27;[0m &amp#27;[90m# es.uclm.esi.ConvocarReunionStepDefinitions.asistentes_son(java.lang.String)&amp#27;[0m
  &amp#27;[32mThen &amp#27;[0m&amp#27;[32mconvoco la reunion con token &amp#27;[0m&amp#27;[32m&amp#27;[1m"token"&amp#27;[0m              &amp#27;[90m# es.uclm.esi.ConvocarReunionStepDefinitions.convoco_la_reunion(java.lang.String)&amp#27;[0m
  &amp#27;[31mThen &amp#27;[0m&amp#27;[31mla respuesta sera &amp#27;[0m&amp#27;[31m&amp#27;[1m200&amp#27;[0m                             &amp#27;[90m# es.uclm.esi.ConvocarReunionStepDefinitions.la_respuesta_sera(java.lang.Integer)&amp#27;[0m
      &amp#27;[31mjava.lang.AssertionError: expected:<200> but was:<404>
	at org.junit.Assert.fail(Assert.java:89)
	at org.junit.Assert.failNotEquals(Assert.java:835)
	at org.junit.Assert.assertEquals(Assert.java:120)
	at org.junit.Assert.assertEquals(Assert.java:146)
	at es.uclm.esi.ConvocarReunionStepDefinitions.la_respuesta_sera(ConvocarReunionStepDefinitions.java:105)
	at âœ½.la respuesta sera 200(file:///C:/Users/victo/git/SIGET-Equipo3/src/test/java/es/uclm/esi/features/convocarReunion.feature:14)
&amp#27;[0m
]]></system-out>
  </testcase>
  <testcase name="convocar #2" classname="es.uclm.esi.RunCucumberTest" time="0.211">
    <failure message="expected:&lt;400&gt; but was:&lt;404&gt;" type="java.lang.AssertionError"><![CDATA[java.lang.AssertionError: expected:<400> but was:<404>
]]></failure>
    <system-out><![CDATA[2020-11-17 15:30:01 - Neither @ContextConfiguration nor @ContextHierarchy found for test class [es.uclm.esi.CucumberTestContextConfiguration], using SpringBootContextLoader
2020-11-17 15:30:01 - Could not detect default resource locations for test class [es.uclm.esi.CucumberTestContextConfiguration]: no resource found for suffixes {-context.xml, Context.groovy}.
2020-11-17 15:30:01 - Could not detect default configuration classes for test class [es.uclm.esi.CucumberTestContextConfiguration]: CucumberTestContextConfiguration does not declare any static, non-private, non-final, nested classes annotated with @Configuration.
2020-11-17 15:30:01 - Found @SpringBootConfiguration es.uclm.esi.SigetApplication for test class es.uclm.esi.CucumberTestContextConfiguration
2020-11-17 15:30:01 - Loaded default TestExecutionListener class names from location [META-INF/spring.factories]: [org.springframework.boot.test.mock.mockito.MockitoTestExecutionListener, org.springframework.boot.test.mock.mockito.ResetMocksTestExecutionListener, org.springframework.boot.test.autoconfigure.restdocs.RestDocsTestExecutionListener, org.springframework.boot.test.autoconfigure.web.client.MockRestServiceServerResetTestExecutionListener, org.springframework.boot.test.autoconfigure.web.servlet.MockMvcPrintOnlyOnFailureTestExecutionListener, org.springframework.boot.test.autoconfigure.web.servlet.WebDriverTestExecutionListener, org.springframework.boot.test.autoconfigure.webservices.client.MockWebServiceServerTestExecutionListener, org.springframework.test.context.web.ServletTestExecutionListener, org.springframework.test.context.support.DirtiesContextBeforeModesTestExecutionListener, org.springframework.test.context.support.DependencyInjectionTestExecutionListener, org.springframework.test.context.support.DirtiesContextTestExecutionListener, org.springframework.test.context.transaction.TransactionalTestExecutionListener, org.springframework.test.context.jdbc.SqlScriptsTestExecutionListener, org.springframework.test.context.event.EventPublishingTestExecutionListener, org.springframework.security.test.context.support.WithSecurityContextTestExecutionListener, org.springframework.security.test.context.support.ReactorContextTestExecutionListener]
2020-11-17 15:30:01 - Using TestExecutionListeners: [org.springframework.test.context.web.ServletTestExecutionListener@16b76858, org.springframework.test.context.support.DirtiesContextBeforeModesTestExecutionListener@d3cce46, org.springframework.boot.test.mock.mockito.MockitoTestExecutionListener@30eedaa4, org.springframework.boot.test.autoconfigure.SpringBootDependencyInjectionTestExecutionListener@52b30054, org.springframework.test.context.support.DirtiesContextTestExecutionListener@7f6b57f2, org.springframework.test.context.transaction.TransactionalTestExecutionListener@144ee8a7, org.springframework.test.context.jdbc.SqlScriptsTestExecutionListener@52b32b70, org.springframework.test.context.event.EventPublishingTestExecutionListener@18c820d2, org.springframework.security.test.context.support.WithSecurityContextTestExecutionListener@3d3930fe, org.springframework.security.test.context.support.ReactorContextTestExecutionListener@5e51ec2e, org.springframework.boot.test.mock.mockito.ResetMocksTestExecutionListener@15f2a43f, org.springframework.boot.test.autoconfigure.restdocs.RestDocsTestExecutionListener@4c65d8e3, org.springframework.boot.test.autoconfigure.web.client.MockRestServiceServerResetTestExecutionListener@382faf51, org.springframework.boot.test.autoconfigure.web.servlet.MockMvcPrintOnlyOnFailureTestExecutionListener@69ce14e6, org.springframework.boot.test.autoconfigure.web.servlet.WebDriverTestExecutionListener@699d96bc, org.springframework.boot.test.autoconfigure.webservices.client.MockWebServiceServerTestExecutionListener@b5de9ac]

Scenario Outline: convocar                               &amp#27;[90m# src/test/java/es/uclm/esi/features/convocarReunion.feature:19&amp#27;[0m
  &amp#27;[32mWhen &amp#27;[0m&amp#27;[32mtitulo es &amp#27;[0m&amp#27;[32m&amp#27;[1m"Reunion 2"&amp#27;[0m                             &amp#27;[90m# es.uclm.esi.ConvocarReunionStepDefinitions.titulo_es(java.lang.String)&amp#27;[0m
  &amp#27;[32mAnd &amp#27;[0m&amp#27;[32mestado es &amp#27;[0m&amp#27;[32m&amp#27;[1m"pendiente"&amp#27;[0m                              &amp#27;[90m# es.uclm.esi.ConvocarReunionStepDefinitions.estado_es(java.lang.String)&amp#27;[0m
  &amp#27;[32mAnd &amp#27;[0m&amp#27;[32mdia es &amp#27;[0m&amp#27;[32m&amp#27;[1m51&amp#27;[0m                                          &amp#27;[90m# es.uclm.esi.ConvocarReunionStepDefinitions.dia_es(java.lang.Integer)&amp#27;[0m
  &amp#27;[32mAnd &amp#27;[0m&amp#27;[32mmes es &amp#27;[0m&amp#27;[32m&amp#27;[1m11&amp#27;[0m                                          &amp#27;[90m# es.uclm.esi.ConvocarReunionStepDefinitions.mes_es(java.lang.Integer)&amp#27;[0m
  &amp#27;[32mAnd &amp#27;[0m&amp#27;[32mano es &amp#27;[0m&amp#27;[32m&amp#27;[1m2020&amp#27;[0m                                        &amp#27;[90m# es.uclm.esi.ConvocarReunionStepDefinitions.ano_es(java.lang.Integer)&amp#27;[0m
  &amp#27;[32mAnd &amp#27;[0m&amp#27;[32mhora es &amp#27;[0m&amp#27;[32m&amp#27;[1m"16:00"&amp#27;[0m                                    &amp#27;[90m# es.uclm.esi.ConvocarReunionStepDefinitions.hora_es(java.lang.String)&amp#27;[0m
  &amp#27;[32mAnd &amp#27;[0m&amp#27;[32mdescripcion es &amp#27;[0m&amp#27;[32m&amp#27;[1m"Prueba"&amp#27;[0m                            &amp#27;[90m# es.uclm.esi.ConvocarReunionStepDefinitions.descripcion_es(java.lang.String)&amp#27;[0m
  &amp#27;[32mAnd &amp#27;[0m&amp#27;[32masistentes son &amp#27;[0m&amp#27;[32m&amp#27;[1m"Fatima:pendiente,Victor:pendiente"&amp#27;[0m &amp#27;[90m# es.uclm.esi.ConvocarReunionStepDefinitions.asistentes_son(java.lang.String)&amp#27;[0m
  &amp#27;[32mThen &amp#27;[0m&amp#27;[32mconvoco la reunion con token &amp#27;[0m&amp#27;[32m&amp#27;[1m"token"&amp#27;[0m              &amp#27;[90m# es.uclm.esi.ConvocarReunionStepDefinitions.convoco_la_reunion(java.lang.String)&amp#27;[0m
  &amp#27;[31mThen &amp#27;[0m&amp#27;[31mla respuesta sera &amp#27;[0m&amp#27;[31m&amp#27;[1m400&amp#27;[0m                             &amp#27;[90m# es.uclm.esi.ConvocarReunionStepDefinitions.la_respuesta_sera(java.lang.Integer)&amp#27;[0m
      &amp#27;[31mjava.lang.AssertionError: expected:<400> but was:<404>
	at org.junit.Assert.fail(Assert.java:89)
	at org.junit.Assert.failNotEquals(Assert.java:835)
	at org.junit.Assert.assertEquals(Assert.java:120)
	at org.junit.Assert.assertEquals(Assert.java:146)
	at es.uclm.esi.ConvocarReunionStepDefinitions.la_respuesta_sera(ConvocarReunionStepDefinitions.java:105)
	at âœ½.la respuesta sera 400(file:///C:/Users/victo/git/SIGET-Equipo3/src/test/java/es/uclm/esi/features/convocarReunion.feature:14)
&amp#27;[0m
]]></system-out>
  </testcase>
  <testcase name="el cliente llama al saludo" classname="es.uclm.esi.RunCucumberTest" time="0.124"/>
  <testcase name="Buen Login" classname="es.uclm.esi.RunCucumberTest" time="1.326"/>
  <testcase name="Mal Login" classname="es.uclm.esi.RunCucumberTest" time="0.37"/>
  <testcase name="Mal Login 2" classname="es.uclm.esi.RunCucumberTest" time="0.52"/>
  <testcase name="Mal Login 3" classname="es.uclm.esi.RunCucumberTest" time="0.481"/>
</testsuite>