<?xml version="1.0" encoding="UTF-8"?>
<testsuite xmlns:xsi="http://www.w3.org/2001/XMLSchema-instance" xsi:noNamespaceSchemaLocation="https://maven.apache.org/surefire/maven-surefire-plugin/xsd/surefire-test-report.xsd" name="es.uclm.esi.RunCucumberTest" time="24.394" tests="10" errors="0" skipped="0" failures="3">
  <properties>
[...]
</properties>
  <testcase name="aceptar" classname="es.uclm.esi.RunCucumberTest" time="12.565"/>
  <testcase name="cancelar #1" classname="es.uclm.esi.RunCucumberTest" time="2.222">
    <failure message="expected:&lt;200&gt; but was:&lt;404&gt;" type="java.lang.AssertionError"><![CDATA[java.lang.AssertionError: expected:<200> but was:<404>
]]></failure>
    <system-out><![CDATA[2020-11-18 00:16:00 - Neither @ContextConfiguration nor @ContextHierarchy found for test class [es.uclm.esi.CucumberTestContextConfiguration], using SpringBootContextLoader
2020-11-18 00:16:00 - Could not detect default resource locations for test class [es.uclm.esi.CucumberTestContextConfiguration]: no resource found for suffixes {-context.xml, Context.groovy}.
2020-11-18 00:16:00 - Could not detect default configuration classes for test class [es.uclm.esi.CucumberTestContextConfiguration]: CucumberTestContextConfiguration does not declare any static, non-private, non-final, nested classes annotated with @Configuration.
2020-11-18 00:16:00 - Found @SpringBootConfiguration es.uclm.esi.SigetApplication for test class es.uclm.esi.CucumberTestContextConfiguration
2020-11-18 00:16:00 - Loaded default TestExecutionListener class names from location [META-INF/spring.factories]: [org.springframework.boot.test.mock.mockito.MockitoTestExecutionListener, org.springframework.boot.test.mock.mockito.ResetMocksTestExecutionListener, org.springframework.boot.test.autoconfigure.restdocs.RestDocsTestExecutionListener, org.springframework.boot.test.autoconfigure.web.client.MockRestServiceServerResetTestExecutionListener, org.springframework.boot.test.autoconfigure.web.servlet.MockMvcPrintOnlyOnFailureTestExecutionListener, org.springframework.boot.test.autoconfigure.web.servlet.WebDriverTestExecutionListener, org.springframework.boot.test.autoconfigure.webservices.client.MockWebServiceServerTestExecutionListener, org.springframework.test.context.web.ServletTestExecutionListener, org.springframework.test.context.support.DirtiesContextBeforeModesTestExecutionListener, org.springframework.test.context.support.DependencyInjectionTestExecutionListener, org.springframework.test.context.support.DirtiesContextTestExecutionListener, org.springframework.test.context.transaction.TransactionalTestExecutionListener, org.springframework.test.context.jdbc.SqlScriptsTestExecutionListener, org.springframework.test.context.event.EventPublishingTestExecutionListener, org.springframework.security.test.context.support.WithSecurityContextTestExecutionListener, org.springframework.security.test.context.support.ReactorContextTestExecutionListener]
2020-11-18 00:16:00 - Using TestExecutionListeners: [org.springframework.test.context.web.ServletTestExecutionListener@6ce9771c, org.springframework.test.context.support.DirtiesContextBeforeModesTestExecutionListener@4a9b92c6, org.springframework.boot.test.mock.mockito.MockitoTestExecutionListener@6eed46e9, org.springframework.boot.test.autoconfigure.SpringBootDependencyInjectionTestExecutionListener@4d20616a, org.springframework.test.context.support.DirtiesContextTestExecutionListener@6ad6ae45, org.springframework.test.context.transaction.TransactionalTestExecutionListener@7c4d1c7b, org.springframework.test.context.jdbc.SqlScriptsTestExecutionListener@7893c715, org.springframework.test.context.event.EventPublishingTestExecutionListener@36f6d25c, org.springframework.security.test.context.support.WithSecurityContextTestExecutionListener@690df641, org.springframework.security.test.context.support.ReactorContextTestExecutionListener@7db791df, org.springframework.boot.test.mock.mockito.ResetMocksTestExecutionListener@1bfa5a13, org.springframework.boot.test.autoconfigure.restdocs.RestDocsTestExecutionListener@1b1e1f02, org.springframework.boot.test.autoconfigure.web.client.MockRestServiceServerResetTestExecutionListener@1da75dde, org.springframework.boot.test.autoconfigure.web.servlet.MockMvcPrintOnlyOnFailureTestExecutionListener@5c5f0edc, org.springframework.boot.test.autoconfigure.web.servlet.WebDriverTestExecutionListener@153cfd86, org.springframework.boot.test.autoconfigure.webservices.client.MockWebServiceServerTestExecutionListener@7e31062c]

Scenario Outline: cancelar                     &amp#27;[90m# src/test/java/es/uclm/esi/features/cancelarReunion.feature:12&amp#27;[0m
  &amp#27;[32mWhen &amp#27;[0m&amp#27;[32mselecciono la reunion con id &amp#27;[0m&amp#27;[32m&amp#27;[1m7&amp#27;[0m          &amp#27;[90m# es.uclm.esi.CancelarReunionStepDefinitions.selecciono_la_reunion_con_id(java.lang.Integer)&amp#27;[0m
  &amp#27;[32mThen &amp#27;[0m&amp#27;[32mcancelo la reunion con token &amp#27;[0m&amp#27;[32m&amp#27;[1m"Admin123"&amp#27;[0m &amp#27;[90m# es.uclm.esi.CancelarReunionStepDefinitions.cancelo_la_reunion(java.lang.String)&amp#27;[0m
  &amp#27;[31mThen &amp#27;[0m&amp#27;[31mla respuesta sera &amp#27;[0m&amp#27;[31m&amp#27;[1m200&amp#27;[0m                   &amp#27;[90m# es.uclm.esi.CancelarReunionStepDefinitions.la_respuesta_sera(java.lang.Integer)&amp#27;[0m
      &amp#27;[31mjava.lang.AssertionError: expected:<200> but was:<404>
	at org.junit.Assert.fail(Assert.java:89)
	at org.junit.Assert.failNotEquals(Assert.java:835)
	at org.junit.Assert.assertEquals(Assert.java:120)
	at org.junit.Assert.assertEquals(Assert.java:146)
	at es.uclm.esi.CancelarReunionStepDefinitions.la_respuesta_sera(CancelarReunionStepDefinitions.java:46)
	at âœ½.la respuesta sera 200(file:///C:/Users/victo/git/SIGET-Equipo3/src/test/java/es/uclm/esi/features/cancelarReunion.feature:7)
&amp#27;[0m
]]></system-out>
  </testcase>
  <testcase name="cancelar #2" classname="es.uclm.esi.RunCucumberTest" time="0.39">
    <failure message="expected:&lt;400&gt; but was:&lt;404&gt;" type="java.lang.AssertionError"><![CDATA[java.lang.AssertionError: expected:<400> but was:<404>
]]></failure>
    <system-out><![CDATA[2020-11-18 00:16:03 - Neither @ContextConfiguration nor @ContextHierarchy found for test class [es.uclm.esi.CucumberTestContextConfiguration], using SpringBootContextLoader
2020-11-18 00:16:03 - Could not detect default resource locations for test class [es.uclm.esi.CucumberTestContextConfiguration]: no resource found for suffixes {-context.xml, Context.groovy}.
2020-11-18 00:16:03 - Could not detect default configuration classes for test class [es.uclm.esi.CucumberTestContextConfiguration]: CucumberTestContextConfiguration does not declare any static, non-private, non-final, nested classes annotated with @Configuration.
2020-11-18 00:16:03 - Found @SpringBootConfiguration es.uclm.esi.SigetApplication for test class es.uclm.esi.CucumberTestContextConfiguration
2020-11-18 00:16:03 - Loaded default TestExecutionListener class names from location [META-INF/spring.factories]: [org.springframework.boot.test.mock.mockito.MockitoTestExecutionListener, org.springframework.boot.test.mock.mockito.ResetMocksTestExecutionListener, org.springframework.boot.test.autoconfigure.restdocs.RestDocsTestExecutionListener, org.springframework.boot.test.autoconfigure.web.client.MockRestServiceServerResetTestExecutionListener, org.springframework.boot.test.autoconfigure.web.servlet.MockMvcPrintOnlyOnFailureTestExecutionListener, org.springframework.boot.test.autoconfigure.web.servlet.WebDriverTestExecutionListener, org.springframework.boot.test.autoconfigure.webservices.client.MockWebServiceServerTestExecutionListener, org.springframework.test.context.web.ServletTestExecutionListener, org.springframework.test.context.support.DirtiesContextBeforeModesTestExecutionListener, org.springframework.test.context.support.DependencyInjectionTestExecutionListener, org.springframework.test.context.support.DirtiesContextTestExecutionListener, org.springframework.test.context.transaction.TransactionalTestExecutionListener, org.springframework.test.context.jdbc.SqlScriptsTestExecutionListener, org.springframework.test.context.event.EventPublishingTestExecutionListener, org.springframework.security.test.context.support.WithSecurityContextTestExecutionListener, org.springframework.security.test.context.support.ReactorContextTestExecutionListener]
2020-11-18 00:16:03 - Using TestExecutionListeners: [org.springframework.test.context.web.ServletTestExecutionListener@9205c0a, org.springframework.test.context.support.DirtiesContextBeforeModesTestExecutionListener@bfe47a8, org.springframework.boot.test.mock.mockito.MockitoTestExecutionListener@2f1f9515, org.springframework.boot.test.autoconfigure.SpringBootDependencyInjectionTestExecutionListener@5c8ab9de, org.springframework.test.context.support.DirtiesContextTestExecutionListener@57416e49, org.springframework.test.context.transaction.TransactionalTestExecutionListener@2e7bb00e, org.springframework.test.context.jdbc.SqlScriptsTestExecutionListener@7d1f3fe9, org.springframework.test.context.event.EventPublishingTestExecutionListener@74d22ddd, org.springframework.security.test.context.support.WithSecurityContextTestExecutionListener@283d3628, org.springframework.security.test.context.support.ReactorContextTestExecutionListener@5b3518e1, org.springframework.boot.test.mock.mockito.ResetMocksTestExecutionListener@5fd18419, org.springframework.boot.test.autoconfigure.restdocs.RestDocsTestExecutionListener@3a88f6fb, org.springframework.boot.test.autoconfigure.web.client.MockRestServiceServerResetTestExecutionListener@7b451bf4, org.springframework.boot.test.autoconfigure.web.servlet.MockMvcPrintOnlyOnFailureTestExecutionListener@844e66d, org.springframework.boot.test.autoconfigure.web.servlet.WebDriverTestExecutionListener@5b665a30, org.springframework.boot.test.autoconfigure.webservices.client.MockWebServiceServerTestExecutionListener@26a45089]

Scenario Outline: cancelar                     &amp#27;[90m# src/test/java/es/uclm/esi/features/cancelarReunion.feature:13&amp#27;[0m
  &amp#27;[32mWhen &amp#27;[0m&amp#27;[32mselecciono la reunion con id &amp#27;[0m&amp#27;[32m&amp#27;[1m8&amp#27;[0m          &amp#27;[90m# es.uclm.esi.CancelarReunionStepDefinitions.selecciono_la_reunion_con_id(java.lang.Integer)&amp#27;[0m
  &amp#27;[32mThen &amp#27;[0m&amp#27;[32mcancelo la reunion con token &amp#27;[0m&amp#27;[32m&amp#27;[1m"Admin123"&amp#27;[0m &amp#27;[90m# es.uclm.esi.CancelarReunionStepDefinitions.cancelo_la_reunion(java.lang.String)&amp#27;[0m
  &amp#27;[31mThen &amp#27;[0m&amp#27;[31mla respuesta sera &amp#27;[0m&amp#27;[31m&amp#27;[1m400&amp#27;[0m                   &amp#27;[90m# es.uclm.esi.CancelarReunionStepDefinitions.la_respuesta_sera(java.lang.Integer)&amp#27;[0m
      &amp#27;[31mjava.lang.AssertionError: expected:<400> but was:<404>
	at org.junit.Assert.fail(Assert.java:89)
	at org.junit.Assert.failNotEquals(Assert.java:835)
	at org.junit.Assert.assertEquals(Assert.java:120)
	at org.junit.Assert.assertEquals(Assert.java:146)
	at es.uclm.esi.CancelarReunionStepDefinitions.la_respuesta_sera(CancelarReunionStepDefinitions.java:46)
	at âœ½.la respuesta sera 400(file:///C:/Users/victo/git/SIGET-Equipo3/src/test/java/es/uclm/esi/features/cancelarReunion.feature:7)
&amp#27;[0m
]]></system-out>
  </testcase>
  <testcase name="convocar #1" classname="es.uclm.esi.RunCucumberTest" time="4.343"/>
  <testcase name="convocar #2" classname="es.uclm.esi.RunCucumberTest" time="1.097">
    <failure message="expected:&lt;400&gt; but was:&lt;200&gt;" type="java.lang.AssertionError"><![CDATA[java.lang.AssertionError: expected:<400> but was:<200>
]]></failure>
    <system-out><![CDATA[2020-11-18 00:16:07 - Neither @ContextConfiguration nor @ContextHierarchy found for test class [es.uclm.esi.CucumberTestContextConfiguration], using SpringBootContextLoader
2020-11-18 00:16:07 - Could not detect default resource locations for test class [es.uclm.esi.CucumberTestContextConfiguration]: no resource found for suffixes {-context.xml, Context.groovy}.
2020-11-18 00:16:07 - Could not detect default configuration classes for test class [es.uclm.esi.CucumberTestContextConfiguration]: CucumberTestContextConfiguration does not declare any static, non-private, non-final, nested classes annotated with @Configuration.
2020-11-18 00:16:07 - Found @SpringBootConfiguration es.uclm.esi.SigetApplication for test class es.uclm.esi.CucumberTestContextConfiguration
2020-11-18 00:16:07 - Loaded default TestExecutionListener class names from location [META-INF/spring.factories]: [org.springframework.boot.test.mock.mockito.MockitoTestExecutionListener, org.springframework.boot.test.mock.mockito.ResetMocksTestExecutionListener, org.springframework.boot.test.autoconfigure.restdocs.RestDocsTestExecutionListener, org.springframework.boot.test.autoconfigure.web.client.MockRestServiceServerResetTestExecutionListener, org.springframework.boot.test.autoconfigure.web.servlet.MockMvcPrintOnlyOnFailureTestExecutionListener, org.springframework.boot.test.autoconfigure.web.servlet.WebDriverTestExecutionListener, org.springframework.boot.test.autoconfigure.webservices.client.MockWebServiceServerTestExecutionListener, org.springframework.test.context.web.ServletTestExecutionListener, org.springframework.test.context.support.DirtiesContextBeforeModesTestExecutionListener, org.springframework.test.context.support.DependencyInjectionTestExecutionListener, org.springframework.test.context.support.DirtiesContextTestExecutionListener, org.springframework.test.context.transaction.TransactionalTestExecutionListener, org.springframework.test.context.jdbc.SqlScriptsTestExecutionListener, org.springframework.test.context.event.EventPublishingTestExecutionListener, org.springframework.security.test.context.support.WithSecurityContextTestExecutionListener, org.springframework.security.test.context.support.ReactorContextTestExecutionListener]
2020-11-18 00:16:07 - Using TestExecutionListeners: [org.springframework.test.context.web.ServletTestExecutionListener@3eec8583, org.springframework.test.context.support.DirtiesContextBeforeModesTestExecutionListener@66e1b2a, org.springframework.boot.test.mock.mockito.MockitoTestExecutionListener@343db2f6, org.springframework.boot.test.autoconfigure.SpringBootDependencyInjectionTestExecutionListener@2c815fdc, org.springframework.test.context.support.DirtiesContextTestExecutionListener@769b0752, org.springframework.test.context.transaction.TransactionalTestExecutionListener@dae5e0, org.springframework.test.context.jdbc.SqlScriptsTestExecutionListener@59a94d0f, org.springframework.test.context.event.EventPublishingTestExecutionListener@7ff09659, org.springframework.security.test.context.support.WithSecurityContextTestExecutionListener@517fbf62, org.springframework.security.test.context.support.ReactorContextTestExecutionListener@65db548, org.springframework.boot.test.mock.mockito.ResetMocksTestExecutionListener@150f41b9, org.springframework.boot.test.autoconfigure.restdocs.RestDocsTestExecutionListener@6e364f1f, org.springframework.boot.test.autoconfigure.web.client.MockRestServiceServerResetTestExecutionListener@429e7914, org.springframework.boot.test.autoconfigure.web.servlet.MockMvcPrintOnlyOnFailureTestExecutionListener@298263fa, org.springframework.boot.test.autoconfigure.web.servlet.WebDriverTestExecutionListener@466fedfa, org.springframework.boot.test.autoconfigure.webservices.client.MockWebServiceServerTestExecutionListener@1a7d0c9f]

Scenario Outline: convocar                               &amp#27;[90m# src/test/java/es/uclm/esi/features/convocarReunion.feature:19&amp#27;[0m
  &amp#27;[32mWhen &amp#27;[0m&amp#27;[32mtitulo es &amp#27;[0m&amp#27;[32m&amp#27;[1m"Reunion 2"&amp#27;[0m                             &amp#27;[90m# es.uclm.esi.ConvocarReunionStepDefinitions.titulo_es(java.lang.String)&amp#27;[0m
  &amp#27;[32mAnd &amp#27;[0m&amp#27;[32mestado es &amp#27;[0m&amp#27;[32m&amp#27;[1m"pendiente"&amp#27;[0m                              &amp#27;[90m# es.uclm.esi.ConvocarReunionStepDefinitions.estado_es(java.lang.String)&amp#27;[0m
  &amp#27;[32mAnd &amp#27;[0m&amp#27;[32mdia es &amp#27;[0m&amp#27;[32m&amp#27;[1m51&amp#27;[0m                                          &amp#27;[90m# es.uclm.esi.ConvocarReunionStepDefinitions.dia_es(java.lang.Integer)&amp#27;[0m
  &amp#27;[32mAnd &amp#27;[0m&amp#27;[32mmes es &amp#27;[0m&amp#27;[32m&amp#27;[1m12&amp#27;[0m                                          &amp#27;[90m# es.uclm.esi.ConvocarReunionStepDefinitions.mes_es(java.lang.Integer)&amp#27;[0m
  &amp#27;[32mAnd &amp#27;[0m&amp#27;[32mano es &amp#27;[0m&amp#27;[32m&amp#27;[1m2020&amp#27;[0m                                        &amp#27;[90m# es.uclm.esi.ConvocarReunionStepDefinitions.ano_es(java.lang.Integer)&amp#27;[0m
  &amp#27;[32mAnd &amp#27;[0m&amp#27;[32mhora es &amp#27;[0m&amp#27;[32m&amp#27;[1m"16:00"&amp#27;[0m                                    &amp#27;[90m# es.uclm.esi.ConvocarReunionStepDefinitions.hora_es(java.lang.String)&amp#27;[0m
  &amp#27;[32mAnd &amp#27;[0m&amp#27;[32mdescripcion es &amp#27;[0m&amp#27;[32m&amp#27;[1m"Prueba"&amp#27;[0m                            &amp#27;[90m# es.uclm.esi.ConvocarReunionStepDefinitions.descripcion_es(java.lang.String)&amp#27;[0m
  &amp#27;[32mAnd &amp#27;[0m&amp#27;[32masistentes son &amp#27;[0m&amp#27;[32m&amp#27;[1m"Fatima:pendiente,Victor:pendiente"&amp#27;[0m &amp#27;[90m# es.uclm.esi.ConvocarReunionStepDefinitions.asistentes_son(java.lang.String)&amp#27;[0m
  &amp#27;[32mThen &amp#27;[0m&amp#27;[32mconvoco la reunion&amp#27;[0m                                &amp#27;[90m# es.uclm.esi.ConvocarReunionStepDefinitions.convoco_la_reunion()&amp#27;[0m
  &amp#27;[31mThen &amp#27;[0m&amp#27;[31mla respuesta a convocar sera &amp#27;[0m&amp#27;[31m&amp#27;[1m400&amp#27;[0m                  &amp#27;[90m# es.uclm.esi.ConvocarReunionStepDefinitions.la_respuesta_a_convocar_sera(java.lang.Integer)&amp#27;[0m
      &amp#27;[31mjava.lang.AssertionError: expected:<400> but was:<200>
	at org.junit.Assert.fail(Assert.java:89)
	at org.junit.Assert.failNotEquals(Assert.java:835)
	at org.junit.Assert.assertEquals(Assert.java:120)
	at org.junit.Assert.assertEquals(Assert.java:146)
	at es.uclm.esi.ConvocarReunionStepDefinitions.la_respuesta_a_convocar_sera(ConvocarReunionStepDefinitions.java:123)
	at âœ½.la respuesta a convocar sera 400(file:///C:/Users/victo/git/SIGET-Equipo3/src/test/java/es/uclm/esi/features/convocarReunion.feature:14)
&amp#27;[0m
]]></system-out>
  </testcase>
  <testcase name="el cliente llama al saludo" classname="es.uclm.esi.RunCucumberTest" time="0.35"/>
  <testcase name="Buen Login" classname="es.uclm.esi.RunCucumberTest" time="0.879"/>
  <testcase name="Mal Login" classname="es.uclm.esi.RunCucumberTest" time="1.17"/>
  <testcase name="Mal Login 2" classname="es.uclm.esi.RunCucumberTest" time="0.808"/>
  <testcase name="Mal Login 3" classname="es.uclm.esi.RunCucumberTest" time="0.378"/>
</testsuite>